2013-06-16 06:57:32,029 [INFO ] org.isatools.isacreator.configuration.io.ConfigXMLParser  - Investigation definition file found in Configurations directory
2013-06-16 06:57:32,752 [INFO ] org.isatools.isa2owl.converter.ISAtab2OWLConverter  - Converting ISA-TAB dataset convert\1371362248379\ARMSTRONG-3\ARMSTRONG-3 into RDF/OWL
2013-06-16 06:57:32,885 [INFO ] org.isatools.isacreator.io.importisa.ISAtabImporter  - Parent directory is -> convert\1371362248379\ARMSTRONG-3\ARMSTRONG-3
2013-06-16 06:57:33,395 [INFO ] org.isatools.isacreator.io.importisa.ISAtabImporter  - Import of Investigation in convert\1371362248379\ARMSTRONG-3\ARMSTRONG-3\i_Investigation.txt was successful...
2013-06-16 06:57:33,395 [INFO ] org.isatools.isacreator.io.importisa.ISAtabImporter  - Proceeding to map to Investigation...
2013-06-16 06:57:33,455 [INFO ] org.isatools.isa2owl.converter.ISAtab2OWLConverter  - Converting study ARMSTRONG-S-3...
2013-06-16 06:57:33,499 [INFO ] org.isatools.isacreator.ontologymanager.BioPortalClient  - Getting all ontologies: query string is http://rest.bioontology.org/bioportal/ontologies/?apikey=fd88ee35-6995-475d-b15a-85f1b9dd7a42
2013-06-16 06:57:38,448 [INFO ] org.isatools.isacreator.ontologymanager.BioPortalClient  - Getting term information for 0500006 -> http://rest.bioontology.org/bioportal/concepts/47893/0500006/?apikey=fd88ee35-6995-475d-b15a-85f1b9dd7a42
2013-06-16 06:57:39,130 [ERROR] uk.ac.ebi.utils.io.DownloadUtils  - file not foundhttp://rest.bioontology.org/bioportal/concepts/47893/0500006/?apikey=fd88ee35-6995-475d-b15a-85f1b9dd7a42
2013-06-16 06:57:39,153 [INFO ] org.isatools.isa2owl.converter.Assay2OWLConverter  - Assay2OWLConverter - constructor
2013-06-16 06:57:39,175 [INFO ] org.isatools.isacreator.ontologymanager.BioPortalClient  - Getting term information for 10090 -> http://rest.bioontology.org/bioportal/concepts/null/10090/?apikey=fd88ee35-6995-475d-b15a-85f1b9dd7a42
2013-06-16 06:57:39,569 [ERROR] uk.ac.ebi.utils.io.DownloadUtils  - io exception caughtServer returned HTTP response code: 400 for URL: http://rest.bioontology.org/bioportal/concepts/null/10090/?apikey=fd88ee35-6995-475d-b15a-85f1b9dd7a42
2013-06-16 06:57:39,571 [INFO ] org.isatools.isacreator.ontologymanager.BioPortalClient  - Getting term information for 100046 -> http://rest.bioontology.org/bioportal/concepts/44302/100046/?apikey=fd88ee35-6995-475d-b15a-85f1b9dd7a42
2013-06-16 06:57:39,964 [ERROR] uk.ac.ebi.utils.io.DownloadUtils  - file not foundhttp://rest.bioontology.org/bioportal/concepts/44302/100046/?apikey=fd88ee35-6995-475d-b15a-85f1b9dd7a42
2013-06-16 06:57:39,966 [INFO ] org.isatools.isacreator.ontologymanager.BioPortalClient  - Getting term information for 37 -> http://rest.bioontology.org/bioportal/concepts/50349/37/?apikey=fd88ee35-6995-475d-b15a-85f1b9dd7a42
2013-06-16 06:57:40,402 [ERROR] uk.ac.ebi.utils.io.DownloadUtils  - file not foundhttp://rest.bioontology.org/bioportal/concepts/50349/37/?apikey=fd88ee35-6995-475d-b15a-85f1b9dd7a42
2013-06-16 06:57:40,406 [INFO ] org.isatools.isacreator.ontologymanager.BioPortalClient  - Getting term information for 10090 -> http://rest.bioontology.org/bioportal/concepts/null/10090/?apikey=fd88ee35-6995-475d-b15a-85f1b9dd7a42
2013-06-16 06:57:40,780 [ERROR] uk.ac.ebi.utils.io.DownloadUtils  - io exception caughtServer returned HTTP response code: 400 for URL: http://rest.bioontology.org/bioportal/concepts/null/10090/?apikey=fd88ee35-6995-475d-b15a-85f1b9dd7a42
2013-06-16 06:57:40,805 [INFO ] org.isatools.isacreator.ontologymanager.BioPortalClient  - Getting term information for 100046 -> http://rest.bioontology.org/bioportal/concepts/44302/100046/?apikey=fd88ee35-6995-475d-b15a-85f1b9dd7a42
2013-06-16 06:57:41,212 [ERROR] uk.ac.ebi.utils.io.DownloadUtils  - file not foundhttp://rest.bioontology.org/bioportal/concepts/44302/100046/?apikey=fd88ee35-6995-475d-b15a-85f1b9dd7a42
2013-06-16 06:57:41,215 [INFO ] org.isatools.isacreator.ontologymanager.BioPortalClient  - Getting term information for 37 -> http://rest.bioontology.org/bioportal/concepts/50349/37/?apikey=fd88ee35-6995-475d-b15a-85f1b9dd7a42
2013-06-16 06:57:41,601 [ERROR] uk.ac.ebi.utils.io.DownloadUtils  - file not foundhttp://rest.bioontology.org/bioportal/concepts/50349/37/?apikey=fd88ee35-6995-475d-b15a-85f1b9dd7a42
2013-06-16 06:57:41,607 [INFO ] org.isatools.isacreator.ontologymanager.BioPortalClient  - Getting term information for 10090 -> http://rest.bioontology.org/bioportal/concepts/null/10090/?apikey=fd88ee35-6995-475d-b15a-85f1b9dd7a42
2013-06-16 06:57:41,985 [ERROR] uk.ac.ebi.utils.io.DownloadUtils  - io exception caughtServer returned HTTP response code: 400 for URL: http://rest.bioontology.org/bioportal/concepts/null/10090/?apikey=fd88ee35-6995-475d-b15a-85f1b9dd7a42
2013-06-16 06:57:41,988 [INFO ] org.isatools.isacreator.ontologymanager.BioPortalClient  - Getting term information for 100046 -> http://rest.bioontology.org/bioportal/concepts/44302/100046/?apikey=fd88ee35-6995-475d-b15a-85f1b9dd7a42
2013-06-16 06:57:42,406 [ERROR] uk.ac.ebi.utils.io.DownloadUtils  - file not foundhttp://rest.bioontology.org/bioportal/concepts/44302/100046/?apikey=fd88ee35-6995-475d-b15a-85f1b9dd7a42
2013-06-16 06:57:42,409 [INFO ] org.isatools.isacreator.ontologymanager.BioPortalClient  - Getting term information for 37 -> http://rest.bioontology.org/bioportal/concepts/50349/37/?apikey=fd88ee35-6995-475d-b15a-85f1b9dd7a42
2013-06-16 06:57:42,819 [ERROR] uk.ac.ebi.utils.io.DownloadUtils  - file not foundhttp://rest.bioontology.org/bioportal/concepts/50349/37/?apikey=fd88ee35-6995-475d-b15a-85f1b9dd7a42
2013-06-16 06:57:42,823 [INFO ] org.isatools.isacreator.ontologymanager.BioPortalClient  - Getting term information for 10090 -> http://rest.bioontology.org/bioportal/concepts/null/10090/?apikey=fd88ee35-6995-475d-b15a-85f1b9dd7a42
2013-06-16 06:57:43,192 [ERROR] uk.ac.ebi.utils.io.DownloadUtils  - io exception caughtServer returned HTTP response code: 400 for URL: http://rest.bioontology.org/bioportal/concepts/null/10090/?apikey=fd88ee35-6995-475d-b15a-85f1b9dd7a42
2013-06-16 06:57:43,195 [INFO ] org.isatools.isacreator.ontologymanager.BioPortalClient  - Getting term information for 100046 -> http://rest.bioontology.org/bioportal/concepts/44302/100046/?apikey=fd88ee35-6995-475d-b15a-85f1b9dd7a42
2013-06-16 06:57:43,585 [ERROR] uk.ac.ebi.utils.io.DownloadUtils  - file not foundhttp://rest.bioontology.org/bioportal/concepts/44302/100046/?apikey=fd88ee35-6995-475d-b15a-85f1b9dd7a42
2013-06-16 06:57:43,589 [INFO ] org.isatools.isacreator.ontologymanager.BioPortalClient  - Getting term information for 49 -> http://rest.bioontology.org/bioportal/concepts/50349/49/?apikey=fd88ee35-6995-475d-b15a-85f1b9dd7a42
2013-06-16 06:57:43,996 [ERROR] uk.ac.ebi.utils.io.DownloadUtils  - file not foundhttp://rest.bioontology.org/bioportal/concepts/50349/49/?apikey=fd88ee35-6995-475d-b15a-85f1b9dd7a42
2013-06-16 06:57:44,000 [INFO ] org.isatools.isacreator.ontologymanager.BioPortalClient  - Getting term information for 10090 -> http://rest.bioontology.org/bioportal/concepts/null/10090/?apikey=fd88ee35-6995-475d-b15a-85f1b9dd7a42
2013-06-16 06:57:44,397 [ERROR] uk.ac.ebi.utils.io.DownloadUtils  - io exception caughtServer returned HTTP response code: 400 for URL: http://rest.bioontology.org/bioportal/concepts/null/10090/?apikey=fd88ee35-6995-475d-b15a-85f1b9dd7a42
2013-06-16 06:57:44,399 [INFO ] org.isatools.isacreator.ontologymanager.BioPortalClient  - Getting term information for 100046 -> http://rest.bioontology.org/bioportal/concepts/44302/100046/?apikey=fd88ee35-6995-475d-b15a-85f1b9dd7a42
2013-06-16 06:57:44,784 [ERROR] uk.ac.ebi.utils.io.DownloadUtils  - file not foundhttp://rest.bioontology.org/bioportal/concepts/44302/100046/?apikey=fd88ee35-6995-475d-b15a-85f1b9dd7a42
2013-06-16 06:57:44,785 [INFO ] org.isatools.isacreator.ontologymanager.BioPortalClient  - Getting term information for 49 -> http://rest.bioontology.org/bioportal/concepts/50349/49/?apikey=fd88ee35-6995-475d-b15a-85f1b9dd7a42
2013-06-16 06:57:45,210 [ERROR] uk.ac.ebi.utils.io.DownloadUtils  - file not foundhttp://rest.bioontology.org/bioportal/concepts/50349/49/?apikey=fd88ee35-6995-475d-b15a-85f1b9dd7a42
2013-06-16 06:57:45,214 [INFO ] org.isatools.isacreator.ontologymanager.BioPortalClient  - Getting term information for 10090 -> http://rest.bioontology.org/bioportal/concepts/null/10090/?apikey=fd88ee35-6995-475d-b15a-85f1b9dd7a42
2013-06-16 06:57:45,586 [ERROR] uk.ac.ebi.utils.io.DownloadUtils  - io exception caughtServer returned HTTP response code: 400 for URL: http://rest.bioontology.org/bioportal/concepts/null/10090/?apikey=fd88ee35-6995-475d-b15a-85f1b9dd7a42
2013-06-16 06:57:45,589 [INFO ] org.isatools.isacreator.ontologymanager.BioPortalClient  - Getting term information for 100046 -> http://rest.bioontology.org/bioportal/concepts/44302/100046/?apikey=fd88ee35-6995-475d-b15a-85f1b9dd7a42
2013-06-16 06:57:45,967 [ERROR] uk.ac.ebi.utils.io.DownloadUtils  - file not foundhttp://rest.bioontology.org/bioportal/concepts/44302/100046/?apikey=fd88ee35-6995-475d-b15a-85f1b9dd7a42
2013-06-16 06:57:45,971 [INFO ] org.isatools.isacreator.ontologymanager.BioPortalClient  - Getting term information for 49 -> http://rest.bioontology.org/bioportal/concepts/50349/49/?apikey=fd88ee35-6995-475d-b15a-85f1b9dd7a42
2013-06-16 06:57:46,356 [ERROR] uk.ac.ebi.utils.io.DownloadUtils  - file not foundhttp://rest.bioontology.org/bioportal/concepts/50349/49/?apikey=fd88ee35-6995-475d-b15a-85f1b9dd7a42
2013-06-16 06:57:46,360 [INFO ] org.isatools.isacreator.ontologymanager.BioPortalClient  - Getting term information for 10090 -> http://rest.bioontology.org/bioportal/concepts/null/10090/?apikey=fd88ee35-6995-475d-b15a-85f1b9dd7a42
2013-06-16 06:57:46,730 [ERROR] uk.ac.ebi.utils.io.DownloadUtils  - io exception caughtServer returned HTTP response code: 400 for URL: http://rest.bioontology.org/bioportal/concepts/null/10090/?apikey=fd88ee35-6995-475d-b15a-85f1b9dd7a42
2013-06-16 06:57:46,733 [INFO ] org.isatools.isacreator.ontologymanager.BioPortalClient  - Getting term information for 100046 -> http://rest.bioontology.org/bioportal/concepts/44302/100046/?apikey=fd88ee35-6995-475d-b15a-85f1b9dd7a42
2013-06-16 06:57:47,138 [ERROR] uk.ac.ebi.utils.io.DownloadUtils  - file not foundhttp://rest.bioontology.org/bioportal/concepts/44302/100046/?apikey=fd88ee35-6995-475d-b15a-85f1b9dd7a42
2013-06-16 06:57:47,139 [INFO ] org.isatools.isacreator.ontologymanager.BioPortalClient  - Getting term information for 557 -> http://rest.bioontology.org/bioportal/concepts/50349/557/?apikey=fd88ee35-6995-475d-b15a-85f1b9dd7a42
2013-06-16 06:57:47,542 [ERROR] uk.ac.ebi.utils.io.DownloadUtils  - file not foundhttp://rest.bioontology.org/bioportal/concepts/50349/557/?apikey=fd88ee35-6995-475d-b15a-85f1b9dd7a42
2013-06-16 06:57:47,549 [INFO ] org.isatools.isacreator.ontologymanager.BioPortalClient  - Getting term information for 10090 -> http://rest.bioontology.org/bioportal/concepts/null/10090/?apikey=fd88ee35-6995-475d-b15a-85f1b9dd7a42
2013-06-16 06:57:47,921 [ERROR] uk.ac.ebi.utils.io.DownloadUtils  - io exception caughtServer returned HTTP response code: 400 for URL: http://rest.bioontology.org/bioportal/concepts/null/10090/?apikey=fd88ee35-6995-475d-b15a-85f1b9dd7a42
2013-06-16 06:57:47,923 [INFO ] org.isatools.isacreator.ontologymanager.BioPortalClient  - Getting term information for 100046 -> http://rest.bioontology.org/bioportal/concepts/44302/100046/?apikey=fd88ee35-6995-475d-b15a-85f1b9dd7a42
2013-06-16 06:57:48,301 [ERROR] uk.ac.ebi.utils.io.DownloadUtils  - file not foundhttp://rest.bioontology.org/bioportal/concepts/44302/100046/?apikey=fd88ee35-6995-475d-b15a-85f1b9dd7a42
2013-06-16 06:57:48,302 [INFO ] org.isatools.isacreator.ontologymanager.BioPortalClient  - Getting term information for 557 -> http://rest.bioontology.org/bioportal/concepts/50349/557/?apikey=fd88ee35-6995-475d-b15a-85f1b9dd7a42
2013-06-16 06:57:48,684 [ERROR] uk.ac.ebi.utils.io.DownloadUtils  - file not foundhttp://rest.bioontology.org/bioportal/concepts/50349/557/?apikey=fd88ee35-6995-475d-b15a-85f1b9dd7a42
2013-06-16 06:57:48,687 [INFO ] org.isatools.isacreator.ontologymanager.BioPortalClient  - Getting term information for 10090 -> http://rest.bioontology.org/bioportal/concepts/null/10090/?apikey=fd88ee35-6995-475d-b15a-85f1b9dd7a42
2013-06-16 06:57:49,084 [ERROR] uk.ac.ebi.utils.io.DownloadUtils  - io exception caughtServer returned HTTP response code: 400 for URL: http://rest.bioontology.org/bioportal/concepts/null/10090/?apikey=fd88ee35-6995-475d-b15a-85f1b9dd7a42
2013-06-16 06:57:49,086 [INFO ] org.isatools.isacreator.ontologymanager.BioPortalClient  - Getting term information for 100046 -> http://rest.bioontology.org/bioportal/concepts/44302/100046/?apikey=fd88ee35-6995-475d-b15a-85f1b9dd7a42
2013-06-16 06:57:49,466 [ERROR] uk.ac.ebi.utils.io.DownloadUtils  - file not foundhttp://rest.bioontology.org/bioportal/concepts/44302/100046/?apikey=fd88ee35-6995-475d-b15a-85f1b9dd7a42
2013-06-16 06:57:49,467 [INFO ] org.isatools.isacreator.ontologymanager.BioPortalClient  - Getting term information for 557 -> http://rest.bioontology.org/bioportal/concepts/50349/557/?apikey=fd88ee35-6995-475d-b15a-85f1b9dd7a42
2013-06-16 06:57:49,900 [ERROR] uk.ac.ebi.utils.io.DownloadUtils  - file not foundhttp://rest.bioontology.org/bioportal/concepts/50349/557/?apikey=fd88ee35-6995-475d-b15a-85f1b9dd7a42
2013-06-16 06:57:49,904 [INFO ] org.isatools.isacreator.ontologymanager.BioPortalClient  - Getting term information for 10090 -> http://rest.bioontology.org/bioportal/concepts/null/10090/?apikey=fd88ee35-6995-475d-b15a-85f1b9dd7a42
2013-06-16 06:57:50,282 [ERROR] uk.ac.ebi.utils.io.DownloadUtils  - io exception caughtServer returned HTTP response code: 400 for URL: http://rest.bioontology.org/bioportal/concepts/null/10090/?apikey=fd88ee35-6995-475d-b15a-85f1b9dd7a42
2013-06-16 06:57:50,284 [INFO ] org.isatools.isacreator.ontologymanager.BioPortalClient  - Getting term information for 100046 -> http://rest.bioontology.org/bioportal/concepts/44302/100046/?apikey=fd88ee35-6995-475d-b15a-85f1b9dd7a42
2013-06-16 06:57:50,661 [ERROR] uk.ac.ebi.utils.io.DownloadUtils  - file not foundhttp://rest.bioontology.org/bioportal/concepts/44302/100046/?apikey=fd88ee35-6995-475d-b15a-85f1b9dd7a42
2013-06-16 06:57:50,664 [INFO ] org.isatools.isacreator.ontologymanager.BioPortalClient  - Getting term information for 557 -> http://rest.bioontology.org/bioportal/concepts/50349/557/?apikey=fd88ee35-6995-475d-b15a-85f1b9dd7a42
2013-06-16 06:57:51,042 [ERROR] uk.ac.ebi.utils.io.DownloadUtils  - file not foundhttp://rest.bioontology.org/bioportal/concepts/50349/557/?apikey=fd88ee35-6995-475d-b15a-85f1b9dd7a42
2013-06-16 06:57:51,045 [INFO ] org.isatools.isacreator.ontologymanager.BioPortalClient  - Getting term information for 10090 -> http://rest.bioontology.org/bioportal/concepts/null/10090/?apikey=fd88ee35-6995-475d-b15a-85f1b9dd7a42
2013-06-16 06:57:51,418 [ERROR] uk.ac.ebi.utils.io.DownloadUtils  - io exception caughtServer returned HTTP response code: 400 for URL: http://rest.bioontology.org/bioportal/concepts/null/10090/?apikey=fd88ee35-6995-475d-b15a-85f1b9dd7a42
2013-06-16 06:57:51,422 [INFO ] org.isatools.isacreator.ontologymanager.BioPortalClient  - Getting term information for 100046 -> http://rest.bioontology.org/bioportal/concepts/44302/100046/?apikey=fd88ee35-6995-475d-b15a-85f1b9dd7a42
2013-06-16 06:57:51,824 [ERROR] uk.ac.ebi.utils.io.DownloadUtils  - file not foundhttp://rest.bioontology.org/bioportal/concepts/44302/100046/?apikey=fd88ee35-6995-475d-b15a-85f1b9dd7a42
2013-06-16 06:57:51,826 [INFO ] org.isatools.isacreator.ontologymanager.BioPortalClient  - Getting term information for 557 -> http://rest.bioontology.org/bioportal/concepts/50349/557/?apikey=fd88ee35-6995-475d-b15a-85f1b9dd7a42
2013-06-16 06:57:52,233 [ERROR] uk.ac.ebi.utils.io.DownloadUtils  - file not foundhttp://rest.bioontology.org/bioportal/concepts/50349/557/?apikey=fd88ee35-6995-475d-b15a-85f1b9dd7a42
2013-06-16 06:57:52,235 [INFO ] org.isatools.isacreator.ontologymanager.BioPortalClient  - Getting term information for 10090 -> http://rest.bioontology.org/bioportal/concepts/null/10090/?apikey=fd88ee35-6995-475d-b15a-85f1b9dd7a42
2013-06-16 06:57:52,606 [ERROR] uk.ac.ebi.utils.io.DownloadUtils  - io exception caughtServer returned HTTP response code: 400 for URL: http://rest.bioontology.org/bioportal/concepts/null/10090/?apikey=fd88ee35-6995-475d-b15a-85f1b9dd7a42
2013-06-16 06:57:52,608 [INFO ] org.isatools.isacreator.ontologymanager.BioPortalClient  - Getting term information for 100046 -> http://rest.bioontology.org/bioportal/concepts/44302/100046/?apikey=fd88ee35-6995-475d-b15a-85f1b9dd7a42
2013-06-16 06:57:52,984 [ERROR] uk.ac.ebi.utils.io.DownloadUtils  - file not foundhttp://rest.bioontology.org/bioportal/concepts/44302/100046/?apikey=fd88ee35-6995-475d-b15a-85f1b9dd7a42
2013-06-16 06:57:52,986 [INFO ] org.isatools.isacreator.ontologymanager.BioPortalClient  - Getting term information for 557 -> http://rest.bioontology.org/bioportal/concepts/50349/557/?apikey=fd88ee35-6995-475d-b15a-85f1b9dd7a42
2013-06-16 06:57:53,364 [ERROR] uk.ac.ebi.utils.io.DownloadUtils  - file not foundhttp://rest.bioontology.org/bioportal/concepts/50349/557/?apikey=fd88ee35-6995-475d-b15a-85f1b9dd7a42
2013-06-16 06:57:53,367 [INFO ] org.isatools.isacreator.ontologymanager.BioPortalClient  - Getting term information for 10090 -> http://rest.bioontology.org/bioportal/concepts/null/10090/?apikey=fd88ee35-6995-475d-b15a-85f1b9dd7a42
2013-06-16 06:57:53,741 [ERROR] uk.ac.ebi.utils.io.DownloadUtils  - io exception caughtServer returned HTTP response code: 400 for URL: http://rest.bioontology.org/bioportal/concepts/null/10090/?apikey=fd88ee35-6995-475d-b15a-85f1b9dd7a42
2013-06-16 06:57:53,743 [INFO ] org.isatools.isacreator.ontologymanager.BioPortalClient  - Getting term information for 100046 -> http://rest.bioontology.org/bioportal/concepts/44302/100046/?apikey=fd88ee35-6995-475d-b15a-85f1b9dd7a42
2013-06-16 06:57:54,122 [ERROR] uk.ac.ebi.utils.io.DownloadUtils  - file not foundhttp://rest.bioontology.org/bioportal/concepts/44302/100046/?apikey=fd88ee35-6995-475d-b15a-85f1b9dd7a42
2013-06-16 06:57:54,123 [INFO ] org.isatools.isacreator.ontologymanager.BioPortalClient  - Getting term information for 37 -> http://rest.bioontology.org/bioportal/concepts/50349/37/?apikey=fd88ee35-6995-475d-b15a-85f1b9dd7a42
2013-06-16 06:57:54,529 [ERROR] uk.ac.ebi.utils.io.DownloadUtils  - file not foundhttp://rest.bioontology.org/bioportal/concepts/50349/37/?apikey=fd88ee35-6995-475d-b15a-85f1b9dd7a42
2013-06-16 06:57:54,534 [INFO ] org.isatools.isacreator.ontologymanager.BioPortalClient  - Getting term information for 10090 -> http://rest.bioontology.org/bioportal/concepts/null/10090/?apikey=fd88ee35-6995-475d-b15a-85f1b9dd7a42
2013-06-16 06:57:56,130 [ERROR] uk.ac.ebi.utils.io.DownloadUtils  - io exception caughtConnection refused: connect
2013-06-16 06:57:56,132 [INFO ] org.isatools.isacreator.ontologymanager.BioPortalClient  - Getting term information for 100046 -> http://rest.bioontology.org/bioportal/concepts/44302/100046/?apikey=fd88ee35-6995-475d-b15a-85f1b9dd7a42
2013-06-16 06:57:57,697 [ERROR] uk.ac.ebi.utils.io.DownloadUtils  - io exception caughtConnection refused: connect
2013-06-16 06:57:57,699 [INFO ] org.isatools.isacreator.ontologymanager.BioPortalClient  - Getting term information for 37 -> http://rest.bioontology.org/bioportal/concepts/50349/37/?apikey=fd88ee35-6995-475d-b15a-85f1b9dd7a42
2013-06-16 06:57:59,287 [ERROR] uk.ac.ebi.utils.io.DownloadUtils  - io exception caughtConnection refused: connect
2013-06-16 06:57:59,289 [INFO ] org.isatools.isacreator.ontologymanager.BioPortalClient  - Getting term information for 10090 -> http://rest.bioontology.org/bioportal/concepts/null/10090/?apikey=fd88ee35-6995-475d-b15a-85f1b9dd7a42
2013-06-16 06:58:00,882 [ERROR] uk.ac.ebi.utils.io.DownloadUtils  - io exception caughtConnection refused: connect
2013-06-16 06:58:00,884 [INFO ] org.isatools.isacreator.ontologymanager.BioPortalClient  - Getting term information for 100046 -> http://rest.bioontology.org/bioportal/concepts/44302/100046/?apikey=fd88ee35-6995-475d-b15a-85f1b9dd7a42
2013-06-16 06:58:02,435 [ERROR] uk.ac.ebi.utils.io.DownloadUtils  - io exception caughtConnection refused: connect
2013-06-16 06:58:02,437 [INFO ] org.isatools.isacreator.ontologymanager.BioPortalClient  - Getting term information for 37 -> http://rest.bioontology.org/bioportal/concepts/50349/37/?apikey=fd88ee35-6995-475d-b15a-85f1b9dd7a42
2013-06-16 06:58:03,989 [ERROR] uk.ac.ebi.utils.io.DownloadUtils  - io exception caughtConnection refused: connect
2013-06-16 06:58:04,026 [INFO ] org.isatools.isa2owl.converter.Assay2OWLConverter  - Assay2OWLConverter - constructor
2013-06-16 06:58:04,157 [INFO ] org.isatools.isa2owl.converter.ISAtab2OWLConverter  - ... end of conversion for Study ARMSTRONG-S-3.
2013-06-16 06:58:08,459 [INFO ] org.isatools.isacreator.configuration.io.ConfigXMLParser  - Investigation definition file found in Configurations directory
2013-06-16 06:58:08,679 [INFO ] org.isatools.isa2owl.converter.ISAtab2OWLConverter  - Converting ISA-TAB dataset convert\1371362285401\ARMSTRONG-3\ARMSTRONG-3 into RDF/OWL
2013-06-16 06:58:08,682 [INFO ] org.isatools.isacreator.io.importisa.ISAtabImporter  - Parent directory is -> convert\1371362285401\ARMSTRONG-3\ARMSTRONG-3
2013-06-16 06:58:08,791 [INFO ] org.isatools.isacreator.io.importisa.ISAtabImporter  - Import of Investigation in convert\1371362285401\ARMSTRONG-3\ARMSTRONG-3\i_Investigation.txt was successful...
2013-06-16 06:58:08,791 [INFO ] org.isatools.isacreator.io.importisa.ISAtabImporter  - Proceeding to map to Investigation...
2013-06-16 06:58:08,809 [INFO ] org.isatools.isa2owl.converter.ISAtab2OWLConverter  - Converting study ARMSTRONG-S-3...
2013-06-16 06:58:08,814 [INFO ] org.isatools.isacreator.ontologymanager.BioPortalClient  - Getting term information for 0500006 -> http://rest.bioontology.org/bioportal/concepts/47893/0500006/?apikey=fd88ee35-6995-475d-b15a-85f1b9dd7a42
2013-06-16 06:58:10,381 [ERROR] uk.ac.ebi.utils.io.DownloadUtils  - io exception caughtConnection refused: connect
2013-06-16 06:58:10,397 [INFO ] org.isatools.isa2owl.converter.Assay2OWLConverter  - Assay2OWLConverter - constructor
2013-06-16 06:58:10,400 [INFO ] org.isatools.isacreator.ontologymanager.BioPortalClient  - Getting term information for 10090 -> http://rest.bioontology.org/bioportal/concepts/null/10090/?apikey=fd88ee35-6995-475d-b15a-85f1b9dd7a42
2013-06-16 06:58:11,995 [ERROR] uk.ac.ebi.utils.io.DownloadUtils  - io exception caughtConnection refused: connect
2013-06-16 06:58:11,998 [INFO ] org.isatools.isacreator.ontologymanager.BioPortalClient  - Getting term information for 100046 -> http://rest.bioontology.org/bioportal/concepts/44302/100046/?apikey=fd88ee35-6995-475d-b15a-85f1b9dd7a42
2013-06-16 06:58:13,620 [ERROR] uk.ac.ebi.utils.io.DownloadUtils  - io exception caughtConnection refused: connect
2013-06-16 06:58:13,622 [INFO ] org.isatools.isacreator.ontologymanager.BioPortalClient  - Getting term information for 37 -> http://rest.bioontology.org/bioportal/concepts/50349/37/?apikey=fd88ee35-6995-475d-b15a-85f1b9dd7a42
2013-06-16 06:58:15,182 [ERROR] uk.ac.ebi.utils.io.DownloadUtils  - io exception caughtConnection refused: connect
2013-06-16 06:58:15,189 [INFO ] org.isatools.isacreator.ontologymanager.BioPortalClient  - Getting term information for 10090 -> http://rest.bioontology.org/bioportal/concepts/null/10090/?apikey=fd88ee35-6995-475d-b15a-85f1b9dd7a42
2013-06-16 06:58:16,758 [ERROR] uk.ac.ebi.utils.io.DownloadUtils  - io exception caughtConnection refused: connect
2013-06-16 06:58:16,761 [INFO ] org.isatools.isacreator.ontologymanager.BioPortalClient  - Getting term information for 100046 -> http://rest.bioontology.org/bioportal/concepts/44302/100046/?apikey=fd88ee35-6995-475d-b15a-85f1b9dd7a42
2013-06-16 06:58:18,317 [ERROR] uk.ac.ebi.utils.io.DownloadUtils  - io exception caughtConnection refused: connect
2013-06-16 06:58:18,326 [INFO ] org.isatools.isacreator.ontologymanager.BioPortalClient  - Getting term information for 37 -> http://rest.bioontology.org/bioportal/concepts/50349/37/?apikey=fd88ee35-6995-475d-b15a-85f1b9dd7a42
2013-06-16 06:58:19,889 [ERROR] uk.ac.ebi.utils.io.DownloadUtils  - io exception caughtConnection refused: connect
2013-06-16 06:58:19,895 [INFO ] org.isatools.isacreator.ontologymanager.BioPortalClient  - Getting term information for 10090 -> http://rest.bioontology.org/bioportal/concepts/null/10090/?apikey=fd88ee35-6995-475d-b15a-85f1b9dd7a42
2013-06-16 06:58:21,471 [ERROR] uk.ac.ebi.utils.io.DownloadUtils  - io exception caughtConnection refused: connect
2013-06-16 06:58:21,473 [INFO ] org.isatools.isacreator.ontologymanager.BioPortalClient  - Getting term information for 100046 -> http://rest.bioontology.org/bioportal/concepts/44302/100046/?apikey=fd88ee35-6995-475d-b15a-85f1b9dd7a42
2013-06-16 06:58:23,062 [ERROR] uk.ac.ebi.utils.io.DownloadUtils  - io exception caughtConnection refused: connect
2013-06-16 06:58:23,065 [INFO ] org.isatools.isacreator.ontologymanager.BioPortalClient  - Getting term information for 37 -> http://rest.bioontology.org/bioportal/concepts/50349/37/?apikey=fd88ee35-6995-475d-b15a-85f1b9dd7a42
2013-06-16 06:58:24,618 [ERROR] uk.ac.ebi.utils.io.DownloadUtils  - io exception caughtConnection refused: connect
2013-06-16 06:58:24,623 [INFO ] org.isatools.isacreator.ontologymanager.BioPortalClient  - Getting term information for 10090 -> http://rest.bioontology.org/bioportal/concepts/null/10090/?apikey=fd88ee35-6995-475d-b15a-85f1b9dd7a42
2013-06-16 06:58:26,194 [ERROR] uk.ac.ebi.utils.io.DownloadUtils  - io exception caughtConnection refused: connect
2013-06-16 06:58:26,197 [INFO ] org.isatools.isacreator.ontologymanager.BioPortalClient  - Getting term information for 100046 -> http://rest.bioontology.org/bioportal/concepts/44302/100046/?apikey=fd88ee35-6995-475d-b15a-85f1b9dd7a42
2013-06-16 06:58:27,787 [ERROR] uk.ac.ebi.utils.io.DownloadUtils  - io exception caughtConnection refused: connect
2013-06-16 06:58:27,790 [INFO ] org.isatools.isacreator.ontologymanager.BioPortalClient  - Getting term information for 49 -> http://rest.bioontology.org/bioportal/concepts/50349/49/?apikey=fd88ee35-6995-475d-b15a-85f1b9dd7a42
2013-06-16 06:58:29,347 [ERROR] uk.ac.ebi.utils.io.DownloadUtils  - io exception caughtConnection refused: connect
2013-06-16 06:58:29,349 [INFO ] org.isatools.isacreator.ontologymanager.BioPortalClient  - Getting term information for 10090 -> http://rest.bioontology.org/bioportal/concepts/null/10090/?apikey=fd88ee35-6995-475d-b15a-85f1b9dd7a42
2013-06-16 06:58:30,899 [ERROR] uk.ac.ebi.utils.io.DownloadUtils  - io exception caughtConnection refused: connect
2013-06-16 06:58:30,901 [INFO ] org.isatools.isacreator.ontologymanager.BioPortalClient  - Getting term information for 100046 -> http://rest.bioontology.org/bioportal/concepts/44302/100046/?apikey=fd88ee35-6995-475d-b15a-85f1b9dd7a42
2013-06-16 06:58:32,484 [ERROR] uk.ac.ebi.utils.io.DownloadUtils  - io exception caughtConnection refused: connect
2013-06-16 06:58:32,487 [INFO ] org.isatools.isacreator.ontologymanager.BioPortalClient  - Getting term information for 49 -> http://rest.bioontology.org/bioportal/concepts/50349/49/?apikey=fd88ee35-6995-475d-b15a-85f1b9dd7a42
2013-06-16 06:58:34,036 [ERROR] uk.ac.ebi.utils.io.DownloadUtils  - io exception caughtConnection refused: connect
2013-06-16 06:58:34,039 [INFO ] org.isatools.isacreator.ontologymanager.BioPortalClient  - Getting term information for 10090 -> http://rest.bioontology.org/bioportal/concepts/null/10090/?apikey=fd88ee35-6995-475d-b15a-85f1b9dd7a42
2013-06-16 06:58:35,594 [ERROR] uk.ac.ebi.utils.io.DownloadUtils  - io exception caughtConnection refused: connect
2013-06-16 06:58:35,596 [INFO ] org.isatools.isacreator.ontologymanager.BioPortalClient  - Getting term information for 100046 -> http://rest.bioontology.org/bioportal/concepts/44302/100046/?apikey=fd88ee35-6995-475d-b15a-85f1b9dd7a42
2013-06-16 06:58:37,183 [ERROR] uk.ac.ebi.utils.io.DownloadUtils  - io exception caughtConnection refused: connect
2013-06-16 06:58:37,185 [INFO ] org.isatools.isacreator.ontologymanager.BioPortalClient  - Getting term information for 49 -> http://rest.bioontology.org/bioportal/concepts/50349/49/?apikey=fd88ee35-6995-475d-b15a-85f1b9dd7a42
2013-06-16 06:58:38,734 [ERROR] uk.ac.ebi.utils.io.DownloadUtils  - io exception caughtConnection refused: connect
2013-06-16 06:58:38,736 [INFO ] org.isatools.isacreator.ontologymanager.BioPortalClient  - Getting term information for 10090 -> http://rest.bioontology.org/bioportal/concepts/null/10090/?apikey=fd88ee35-6995-475d-b15a-85f1b9dd7a42
2013-06-16 06:58:39,792 [ERROR] uk.ac.ebi.utils.io.DownloadUtils  - io exception caughtServer returned HTTP response code: 400 for URL: http://rest.bioontology.org/bioportal/concepts/null/10090/?apikey=fd88ee35-6995-475d-b15a-85f1b9dd7a42
2013-06-16 06:58:39,794 [INFO ] org.isatools.isacreator.ontologymanager.BioPortalClient  - Getting term information for 100046 -> http://rest.bioontology.org/bioportal/concepts/44302/100046/?apikey=fd88ee35-6995-475d-b15a-85f1b9dd7a42
2013-06-16 06:58:40,190 [ERROR] uk.ac.ebi.utils.io.DownloadUtils  - file not foundhttp://rest.bioontology.org/bioportal/concepts/44302/100046/?apikey=fd88ee35-6995-475d-b15a-85f1b9dd7a42
2013-06-16 06:58:40,193 [INFO ] org.isatools.isacreator.ontologymanager.BioPortalClient  - Getting term information for 557 -> http://rest.bioontology.org/bioportal/concepts/50349/557/?apikey=fd88ee35-6995-475d-b15a-85f1b9dd7a42
2013-06-16 06:58:40,642 [ERROR] uk.ac.ebi.utils.io.DownloadUtils  - file not foundhttp://rest.bioontology.org/bioportal/concepts/50349/557/?apikey=fd88ee35-6995-475d-b15a-85f1b9dd7a42
2013-06-16 06:58:40,645 [INFO ] org.isatools.isacreator.ontologymanager.BioPortalClient  - Getting term information for 10090 -> http://rest.bioontology.org/bioportal/concepts/null/10090/?apikey=fd88ee35-6995-475d-b15a-85f1b9dd7a42
2013-06-16 06:58:41,017 [ERROR] uk.ac.ebi.utils.io.DownloadUtils  - io exception caughtServer returned HTTP response code: 400 for URL: http://rest.bioontology.org/bioportal/concepts/null/10090/?apikey=fd88ee35-6995-475d-b15a-85f1b9dd7a42
2013-06-16 06:58:41,019 [INFO ] org.isatools.isacreator.ontologymanager.BioPortalClient  - Getting term information for 100046 -> http://rest.bioontology.org/bioportal/concepts/44302/100046/?apikey=fd88ee35-6995-475d-b15a-85f1b9dd7a42
2013-06-16 06:58:41,407 [ERROR] uk.ac.ebi.utils.io.DownloadUtils  - file not foundhttp://rest.bioontology.org/bioportal/concepts/44302/100046/?apikey=fd88ee35-6995-475d-b15a-85f1b9dd7a42
2013-06-16 06:58:41,408 [INFO ] org.isatools.isacreator.ontologymanager.BioPortalClient  - Getting term information for 557 -> http://rest.bioontology.org/bioportal/concepts/50349/557/?apikey=fd88ee35-6995-475d-b15a-85f1b9dd7a42
2013-06-16 06:58:41,854 [ERROR] uk.ac.ebi.utils.io.DownloadUtils  - file not foundhttp://rest.bioontology.org/bioportal/concepts/50349/557/?apikey=fd88ee35-6995-475d-b15a-85f1b9dd7a42
2013-06-16 06:58:41,856 [INFO ] org.isatools.isacreator.ontologymanager.BioPortalClient  - Getting term information for 10090 -> http://rest.bioontology.org/bioportal/concepts/null/10090/?apikey=fd88ee35-6995-475d-b15a-85f1b9dd7a42
2013-06-16 06:58:42,228 [ERROR] uk.ac.ebi.utils.io.DownloadUtils  - io exception caughtServer returned HTTP response code: 400 for URL: http://rest.bioontology.org/bioportal/concepts/null/10090/?apikey=fd88ee35-6995-475d-b15a-85f1b9dd7a42
2013-06-16 06:58:42,231 [INFO ] org.isatools.isacreator.ontologymanager.BioPortalClient  - Getting term information for 100046 -> http://rest.bioontology.org/bioportal/concepts/44302/100046/?apikey=fd88ee35-6995-475d-b15a-85f1b9dd7a42
2013-06-16 06:58:42,643 [ERROR] uk.ac.ebi.utils.io.DownloadUtils  - file not foundhttp://rest.bioontology.org/bioportal/concepts/44302/100046/?apikey=fd88ee35-6995-475d-b15a-85f1b9dd7a42
2013-06-16 06:58:42,644 [INFO ] org.isatools.isacreator.ontologymanager.BioPortalClient  - Getting term information for 557 -> http://rest.bioontology.org/bioportal/concepts/50349/557/?apikey=fd88ee35-6995-475d-b15a-85f1b9dd7a42
2013-06-16 06:58:43,049 [ERROR] uk.ac.ebi.utils.io.DownloadUtils  - file not foundhttp://rest.bioontology.org/bioportal/concepts/50349/557/?apikey=fd88ee35-6995-475d-b15a-85f1b9dd7a42
2013-06-16 06:58:43,052 [INFO ] org.isatools.isacreator.ontologymanager.BioPortalClient  - Getting term information for 10090 -> http://rest.bioontology.org/bioportal/concepts/null/10090/?apikey=fd88ee35-6995-475d-b15a-85f1b9dd7a42
2013-06-16 06:58:43,423 [ERROR] uk.ac.ebi.utils.io.DownloadUtils  - io exception caughtServer returned HTTP response code: 400 for URL: http://rest.bioontology.org/bioportal/concepts/null/10090/?apikey=fd88ee35-6995-475d-b15a-85f1b9dd7a42
2013-06-16 06:58:43,426 [INFO ] org.isatools.isacreator.ontologymanager.BioPortalClient  - Getting term information for 100046 -> http://rest.bioontology.org/bioportal/concepts/44302/100046/?apikey=fd88ee35-6995-475d-b15a-85f1b9dd7a42
2013-06-16 06:58:43,807 [ERROR] uk.ac.ebi.utils.io.DownloadUtils  - file not foundhttp://rest.bioontology.org/bioportal/concepts/44302/100046/?apikey=fd88ee35-6995-475d-b15a-85f1b9dd7a42
2013-06-16 06:58:43,809 [INFO ] org.isatools.isacreator.ontologymanager.BioPortalClient  - Getting term information for 557 -> http://rest.bioontology.org/bioportal/concepts/50349/557/?apikey=fd88ee35-6995-475d-b15a-85f1b9dd7a42
2013-06-16 06:58:44,216 [ERROR] uk.ac.ebi.utils.io.DownloadUtils  - file not foundhttp://rest.bioontology.org/bioportal/concepts/50349/557/?apikey=fd88ee35-6995-475d-b15a-85f1b9dd7a42
2013-06-16 06:58:44,221 [INFO ] org.isatools.isacreator.ontologymanager.BioPortalClient  - Getting term information for 10090 -> http://rest.bioontology.org/bioportal/concepts/null/10090/?apikey=fd88ee35-6995-475d-b15a-85f1b9dd7a42
2013-06-16 06:58:44,593 [ERROR] uk.ac.ebi.utils.io.DownloadUtils  - io exception caughtServer returned HTTP response code: 400 for URL: http://rest.bioontology.org/bioportal/concepts/null/10090/?apikey=fd88ee35-6995-475d-b15a-85f1b9dd7a42
2013-06-16 06:58:44,596 [INFO ] org.isatools.isacreator.ontologymanager.BioPortalClient  - Getting term information for 100046 -> http://rest.bioontology.org/bioportal/concepts/44302/100046/?apikey=fd88ee35-6995-475d-b15a-85f1b9dd7a42
2013-06-16 06:58:44,977 [ERROR] uk.ac.ebi.utils.io.DownloadUtils  - file not foundhttp://rest.bioontology.org/bioportal/concepts/44302/100046/?apikey=fd88ee35-6995-475d-b15a-85f1b9dd7a42
2013-06-16 06:58:44,978 [INFO ] org.isatools.isacreator.ontologymanager.BioPortalClient  - Getting term information for 557 -> http://rest.bioontology.org/bioportal/concepts/50349/557/?apikey=fd88ee35-6995-475d-b15a-85f1b9dd7a42
2013-06-16 06:58:45,382 [ERROR] uk.ac.ebi.utils.io.DownloadUtils  - file not foundhttp://rest.bioontology.org/bioportal/concepts/50349/557/?apikey=fd88ee35-6995-475d-b15a-85f1b9dd7a42
2013-06-16 06:58:45,385 [INFO ] org.isatools.isacreator.ontologymanager.BioPortalClient  - Getting term information for 10090 -> http://rest.bioontology.org/bioportal/concepts/null/10090/?apikey=fd88ee35-6995-475d-b15a-85f1b9dd7a42
2013-06-16 06:58:45,758 [ERROR] uk.ac.ebi.utils.io.DownloadUtils  - io exception caughtServer returned HTTP response code: 400 for URL: http://rest.bioontology.org/bioportal/concepts/null/10090/?apikey=fd88ee35-6995-475d-b15a-85f1b9dd7a42
2013-06-16 06:58:45,761 [INFO ] org.isatools.isacreator.ontologymanager.BioPortalClient  - Getting term information for 100046 -> http://rest.bioontology.org/bioportal/concepts/44302/100046/?apikey=fd88ee35-6995-475d-b15a-85f1b9dd7a42
2013-06-16 06:58:46,144 [ERROR] uk.ac.ebi.utils.io.DownloadUtils  - file not foundhttp://rest.bioontology.org/bioportal/concepts/44302/100046/?apikey=fd88ee35-6995-475d-b15a-85f1b9dd7a42
2013-06-16 06:58:46,146 [INFO ] org.isatools.isacreator.ontologymanager.BioPortalClient  - Getting term information for 557 -> http://rest.bioontology.org/bioportal/concepts/50349/557/?apikey=fd88ee35-6995-475d-b15a-85f1b9dd7a42
2013-06-16 06:58:46,547 [ERROR] uk.ac.ebi.utils.io.DownloadUtils  - file not foundhttp://rest.bioontology.org/bioportal/concepts/50349/557/?apikey=fd88ee35-6995-475d-b15a-85f1b9dd7a42
2013-06-16 06:58:46,549 [INFO ] org.isatools.isacreator.ontologymanager.BioPortalClient  - Getting term information for 10090 -> http://rest.bioontology.org/bioportal/concepts/null/10090/?apikey=fd88ee35-6995-475d-b15a-85f1b9dd7a42
2013-06-16 06:58:46,945 [ERROR] uk.ac.ebi.utils.io.DownloadUtils  - io exception caughtServer returned HTTP response code: 400 for URL: http://rest.bioontology.org/bioportal/concepts/null/10090/?apikey=fd88ee35-6995-475d-b15a-85f1b9dd7a42
2013-06-16 06:58:46,947 [INFO ] org.isatools.isacreator.ontologymanager.BioPortalClient  - Getting term information for 100046 -> http://rest.bioontology.org/bioportal/concepts/44302/100046/?apikey=fd88ee35-6995-475d-b15a-85f1b9dd7a42
2013-06-16 06:58:47,325 [ERROR] uk.ac.ebi.utils.io.DownloadUtils  - file not foundhttp://rest.bioontology.org/bioportal/concepts/44302/100046/?apikey=fd88ee35-6995-475d-b15a-85f1b9dd7a42
2013-06-16 06:58:47,326 [INFO ] org.isatools.isacreator.ontologymanager.BioPortalClient  - Getting term information for 37 -> http://rest.bioontology.org/bioportal/concepts/50349/37/?apikey=fd88ee35-6995-475d-b15a-85f1b9dd7a42
2013-06-16 06:58:47,704 [ERROR] uk.ac.ebi.utils.io.DownloadUtils  - file not foundhttp://rest.bioontology.org/bioportal/concepts/50349/37/?apikey=fd88ee35-6995-475d-b15a-85f1b9dd7a42
2013-06-16 06:58:47,706 [INFO ] org.isatools.isacreator.ontologymanager.BioPortalClient  - Getting term information for 10090 -> http://rest.bioontology.org/bioportal/concepts/null/10090/?apikey=fd88ee35-6995-475d-b15a-85f1b9dd7a42
2013-06-16 06:58:48,076 [ERROR] uk.ac.ebi.utils.io.DownloadUtils  - io exception caughtServer returned HTTP response code: 400 for URL: http://rest.bioontology.org/bioportal/concepts/null/10090/?apikey=fd88ee35-6995-475d-b15a-85f1b9dd7a42
2013-06-16 06:58:48,078 [INFO ] org.isatools.isacreator.ontologymanager.BioPortalClient  - Getting term information for 100046 -> http://rest.bioontology.org/bioportal/concepts/44302/100046/?apikey=fd88ee35-6995-475d-b15a-85f1b9dd7a42
2013-06-16 06:58:48,460 [ERROR] uk.ac.ebi.utils.io.DownloadUtils  - file not foundhttp://rest.bioontology.org/bioportal/concepts/44302/100046/?apikey=fd88ee35-6995-475d-b15a-85f1b9dd7a42
2013-06-16 06:58:48,461 [INFO ] org.isatools.isacreator.ontologymanager.BioPortalClient  - Getting term information for 37 -> http://rest.bioontology.org/bioportal/concepts/50349/37/?apikey=fd88ee35-6995-475d-b15a-85f1b9dd7a42
2013-06-16 06:58:48,846 [ERROR] uk.ac.ebi.utils.io.DownloadUtils  - file not foundhttp://rest.bioontology.org/bioportal/concepts/50349/37/?apikey=fd88ee35-6995-475d-b15a-85f1b9dd7a42
2013-06-16 06:58:48,850 [INFO ] org.isatools.isacreator.ontologymanager.BioPortalClient  - Getting term information for 10090 -> http://rest.bioontology.org/bioportal/concepts/null/10090/?apikey=fd88ee35-6995-475d-b15a-85f1b9dd7a42
2013-06-16 06:58:49,224 [ERROR] uk.ac.ebi.utils.io.DownloadUtils  - io exception caughtServer returned HTTP response code: 400 for URL: http://rest.bioontology.org/bioportal/concepts/null/10090/?apikey=fd88ee35-6995-475d-b15a-85f1b9dd7a42
2013-06-16 06:58:49,226 [INFO ] org.isatools.isacreator.ontologymanager.BioPortalClient  - Getting term information for 100046 -> http://rest.bioontology.org/bioportal/concepts/44302/100046/?apikey=fd88ee35-6995-475d-b15a-85f1b9dd7a42
2013-06-16 06:58:49,604 [ERROR] uk.ac.ebi.utils.io.DownloadUtils  - file not foundhttp://rest.bioontology.org/bioportal/concepts/44302/100046/?apikey=fd88ee35-6995-475d-b15a-85f1b9dd7a42
2013-06-16 06:58:49,606 [INFO ] org.isatools.isacreator.ontologymanager.BioPortalClient  - Getting term information for 37 -> http://rest.bioontology.org/bioportal/concepts/50349/37/?apikey=fd88ee35-6995-475d-b15a-85f1b9dd7a42
2013-06-16 06:58:49,985 [ERROR] uk.ac.ebi.utils.io.DownloadUtils  - file not foundhttp://rest.bioontology.org/bioportal/concepts/50349/37/?apikey=fd88ee35-6995-475d-b15a-85f1b9dd7a42
2013-06-16 06:58:50,041 [INFO ] org.isatools.isa2owl.converter.Assay2OWLConverter  - Assay2OWLConverter - constructor
2013-06-16 06:58:50,112 [INFO ] org.isatools.isa2owl.converter.ISAtab2OWLConverter  - ... end of conversion for Study ARMSTRONG-S-3.
