2013-07-14 10:12:41,766 [INFO ] org.isatools.isacreator.configuration.io.ConfigXMLParser  - Investigation definition file found in Configurations directory
2013-07-14 10:12:42,264 [INFO ] org.isatools.isa2owl.converter.ISAtab2OWLConverter  - Converting ISA-TAB dataset convert\1373793160248\BII-I-1\BII-I-1 into RDF/OWL
2013-07-14 10:12:42,293 [INFO ] org.isatools.isacreator.io.importisa.ISAtabImporter  - Parent directory is -> convert\1373793160248\BII-I-1\BII-I-1
2013-07-14 10:12:42,768 [INFO ] org.isatools.isacreator.io.importisa.ISAtabImporter  - Import of Investigation in convert\1373793160248\BII-I-1\BII-I-1\i_Investigation.txt was successful...
2013-07-14 10:12:42,768 [INFO ] org.isatools.isacreator.io.importisa.ISAtabImporter  - Proceeding to map to Investigation...
2013-07-14 10:12:42,823 [INFO ] org.isatools.isa2owl.converter.ISAtab2OWLConverter  - Converting study BII-S-1...
2013-07-14 10:12:42,890 [INFO ] org.isatools.isa2owl.converter.Assay2OWLConverter  - Assay2OWLConverter - constructor
2013-07-14 10:12:42,901 [INFO ] org.isatools.isacreator.ontologymanager.BioPortalClient  - Getting all ontologies: query string is http://rest.bioontology.org/bioportal/ontologies/?apikey=fd88ee35-6995-475d-b15a-85f1b9dd7a42
2013-07-14 10:12:48,324 [INFO ] org.isatools.isacreator.ontologymanager.BioPortalClient  - Getting term information for 4932 -> http://rest.bioontology.org/bioportal/concepts/null/4932/?apikey=fd88ee35-6995-475d-b15a-85f1b9dd7a42
2013-07-14 10:12:48,694 [ERROR] uk.ac.ebi.utils.io.DownloadUtils  - io exception caughtServer returned HTTP response code: 400 for URL: http://rest.bioontology.org/bioportal/concepts/null/4932/?apikey=fd88ee35-6995-475d-b15a-85f1b9dd7a42
2013-07-14 10:12:48,698 [INFO ] org.isatools.isacreator.ontologymanager.BioPortalClient  - Getting term information for 4932 -> http://rest.bioontology.org/bioportal/concepts/null/4932/?apikey=fd88ee35-6995-475d-b15a-85f1b9dd7a42
2013-07-14 10:12:49,070 [ERROR] uk.ac.ebi.utils.io.DownloadUtils  - io exception caughtServer returned HTTP response code: 400 for URL: http://rest.bioontology.org/bioportal/concepts/null/4932/?apikey=fd88ee35-6995-475d-b15a-85f1b9dd7a42
2013-07-14 10:12:49,074 [INFO ] org.isatools.isacreator.ontologymanager.BioPortalClient  - Getting term information for 4932 -> http://rest.bioontology.org/bioportal/concepts/null/4932/?apikey=fd88ee35-6995-475d-b15a-85f1b9dd7a42
2013-07-14 10:12:49,470 [ERROR] uk.ac.ebi.utils.io.DownloadUtils  - io exception caughtServer returned HTTP response code: 400 for URL: http://rest.bioontology.org/bioportal/concepts/null/4932/?apikey=fd88ee35-6995-475d-b15a-85f1b9dd7a42
2013-07-14 10:12:49,475 [INFO ] org.isatools.isacreator.ontologymanager.BioPortalClient  - Getting term information for 4932 -> http://rest.bioontology.org/bioportal/concepts/null/4932/?apikey=fd88ee35-6995-475d-b15a-85f1b9dd7a42
2013-07-14 10:12:49,872 [ERROR] uk.ac.ebi.utils.io.DownloadUtils  - io exception caughtServer returned HTTP response code: 400 for URL: http://rest.bioontology.org/bioportal/concepts/null/4932/?apikey=fd88ee35-6995-475d-b15a-85f1b9dd7a42
2013-07-14 10:12:49,874 [INFO ] org.isatools.isacreator.ontologymanager.BioPortalClient  - Getting term information for 4932 -> http://rest.bioontology.org/bioportal/concepts/null/4932/?apikey=fd88ee35-6995-475d-b15a-85f1b9dd7a42
2013-07-14 10:12:50,271 [ERROR] uk.ac.ebi.utils.io.DownloadUtils  - io exception caughtServer returned HTTP response code: 400 for URL: http://rest.bioontology.org/bioportal/concepts/null/4932/?apikey=fd88ee35-6995-475d-b15a-85f1b9dd7a42
2013-07-14 10:12:50,274 [INFO ] org.isatools.isacreator.ontologymanager.BioPortalClient  - Getting term information for 4932 -> http://rest.bioontology.org/bioportal/concepts/null/4932/?apikey=fd88ee35-6995-475d-b15a-85f1b9dd7a42
2013-07-14 10:12:50,650 [ERROR] uk.ac.ebi.utils.io.DownloadUtils  - io exception caughtServer returned HTTP response code: 400 for URL: http://rest.bioontology.org/bioportal/concepts/null/4932/?apikey=fd88ee35-6995-475d-b15a-85f1b9dd7a42
2013-07-14 10:12:50,653 [INFO ] org.isatools.isacreator.ontologymanager.BioPortalClient  - Getting term information for 4932 -> http://rest.bioontology.org/bioportal/concepts/null/4932/?apikey=fd88ee35-6995-475d-b15a-85f1b9dd7a42
2013-07-14 10:12:51,025 [ERROR] uk.ac.ebi.utils.io.DownloadUtils  - io exception caughtServer returned HTTP response code: 400 for URL: http://rest.bioontology.org/bioportal/concepts/null/4932/?apikey=fd88ee35-6995-475d-b15a-85f1b9dd7a42
2013-07-14 10:12:51,027 [INFO ] org.isatools.isacreator.ontologymanager.BioPortalClient  - Getting term information for 4932 -> http://rest.bioontology.org/bioportal/concepts/null/4932/?apikey=fd88ee35-6995-475d-b15a-85f1b9dd7a42
2013-07-14 10:12:51,421 [ERROR] uk.ac.ebi.utils.io.DownloadUtils  - io exception caughtServer returned HTTP response code: 400 for URL: http://rest.bioontology.org/bioportal/concepts/null/4932/?apikey=fd88ee35-6995-475d-b15a-85f1b9dd7a42
2013-07-14 10:12:51,425 [INFO ] org.isatools.isacreator.ontologymanager.BioPortalClient  - Getting term information for 4932 -> http://rest.bioontology.org/bioportal/concepts/null/4932/?apikey=fd88ee35-6995-475d-b15a-85f1b9dd7a42
2013-07-14 10:12:51,820 [ERROR] uk.ac.ebi.utils.io.DownloadUtils  - io exception caughtServer returned HTTP response code: 400 for URL: http://rest.bioontology.org/bioportal/concepts/null/4932/?apikey=fd88ee35-6995-475d-b15a-85f1b9dd7a42
2013-07-14 10:12:51,822 [INFO ] org.isatools.isacreator.ontologymanager.BioPortalClient  - Getting term information for 4932 -> http://rest.bioontology.org/bioportal/concepts/null/4932/?apikey=fd88ee35-6995-475d-b15a-85f1b9dd7a42
2013-07-14 10:12:52,219 [ERROR] uk.ac.ebi.utils.io.DownloadUtils  - io exception caughtServer returned HTTP response code: 400 for URL: http://rest.bioontology.org/bioportal/concepts/null/4932/?apikey=fd88ee35-6995-475d-b15a-85f1b9dd7a42
2013-07-14 10:12:52,222 [INFO ] org.isatools.isacreator.ontologymanager.BioPortalClient  - Getting term information for 4932 -> http://rest.bioontology.org/bioportal/concepts/null/4932/?apikey=fd88ee35-6995-475d-b15a-85f1b9dd7a42
2013-07-14 10:12:52,593 [ERROR] uk.ac.ebi.utils.io.DownloadUtils  - io exception caughtServer returned HTTP response code: 400 for URL: http://rest.bioontology.org/bioportal/concepts/null/4932/?apikey=fd88ee35-6995-475d-b15a-85f1b9dd7a42
2013-07-14 10:12:52,598 [INFO ] org.isatools.isacreator.ontologymanager.BioPortalClient  - Getting term information for 4932 -> http://rest.bioontology.org/bioportal/concepts/null/4932/?apikey=fd88ee35-6995-475d-b15a-85f1b9dd7a42
2013-07-14 10:12:52,994 [ERROR] uk.ac.ebi.utils.io.DownloadUtils  - io exception caughtServer returned HTTP response code: 400 for URL: http://rest.bioontology.org/bioportal/concepts/null/4932/?apikey=fd88ee35-6995-475d-b15a-85f1b9dd7a42
2013-07-14 10:12:52,996 [INFO ] org.isatools.isacreator.ontologymanager.BioPortalClient  - Getting term information for 4932 -> http://rest.bioontology.org/bioportal/concepts/null/4932/?apikey=fd88ee35-6995-475d-b15a-85f1b9dd7a42
2013-07-14 10:12:53,367 [ERROR] uk.ac.ebi.utils.io.DownloadUtils  - io exception caughtServer returned HTTP response code: 400 for URL: http://rest.bioontology.org/bioportal/concepts/null/4932/?apikey=fd88ee35-6995-475d-b15a-85f1b9dd7a42
2013-07-14 10:12:53,369 [INFO ] org.isatools.isacreator.ontologymanager.BioPortalClient  - Getting term information for 4932 -> http://rest.bioontology.org/bioportal/concepts/null/4932/?apikey=fd88ee35-6995-475d-b15a-85f1b9dd7a42
2013-07-14 10:12:53,740 [ERROR] uk.ac.ebi.utils.io.DownloadUtils  - io exception caughtServer returned HTTP response code: 400 for URL: http://rest.bioontology.org/bioportal/concepts/null/4932/?apikey=fd88ee35-6995-475d-b15a-85f1b9dd7a42
2013-07-14 10:12:53,742 [INFO ] org.isatools.isacreator.ontologymanager.BioPortalClient  - Getting term information for 4932 -> http://rest.bioontology.org/bioportal/concepts/null/4932/?apikey=fd88ee35-6995-475d-b15a-85f1b9dd7a42
2013-07-14 10:12:54,113 [ERROR] uk.ac.ebi.utils.io.DownloadUtils  - io exception caughtServer returned HTTP response code: 400 for URL: http://rest.bioontology.org/bioportal/concepts/null/4932/?apikey=fd88ee35-6995-475d-b15a-85f1b9dd7a42
2013-07-14 10:12:54,114 [INFO ] org.isatools.isacreator.ontologymanager.BioPortalClient  - Getting term information for 4932 -> http://rest.bioontology.org/bioportal/concepts/null/4932/?apikey=fd88ee35-6995-475d-b15a-85f1b9dd7a42
2013-07-14 10:12:54,485 [ERROR] uk.ac.ebi.utils.io.DownloadUtils  - io exception caughtServer returned HTTP response code: 400 for URL: http://rest.bioontology.org/bioportal/concepts/null/4932/?apikey=fd88ee35-6995-475d-b15a-85f1b9dd7a42
2013-07-14 10:12:54,487 [INFO ] org.isatools.isacreator.ontologymanager.BioPortalClient  - Getting term information for 4932 -> http://rest.bioontology.org/bioportal/concepts/null/4932/?apikey=fd88ee35-6995-475d-b15a-85f1b9dd7a42
2013-07-14 10:12:54,857 [ERROR] uk.ac.ebi.utils.io.DownloadUtils  - io exception caughtServer returned HTTP response code: 400 for URL: http://rest.bioontology.org/bioportal/concepts/null/4932/?apikey=fd88ee35-6995-475d-b15a-85f1b9dd7a42
2013-07-14 10:12:54,859 [INFO ] org.isatools.isacreator.ontologymanager.BioPortalClient  - Getting term information for 4932 -> http://rest.bioontology.org/bioportal/concepts/null/4932/?apikey=fd88ee35-6995-475d-b15a-85f1b9dd7a42
2013-07-14 10:12:55,256 [ERROR] uk.ac.ebi.utils.io.DownloadUtils  - io exception caughtServer returned HTTP response code: 400 for URL: http://rest.bioontology.org/bioportal/concepts/null/4932/?apikey=fd88ee35-6995-475d-b15a-85f1b9dd7a42
2013-07-14 10:12:55,258 [INFO ] org.isatools.isacreator.ontologymanager.BioPortalClient  - Getting term information for 4932 -> http://rest.bioontology.org/bioportal/concepts/null/4932/?apikey=fd88ee35-6995-475d-b15a-85f1b9dd7a42
2013-07-14 10:12:55,630 [ERROR] uk.ac.ebi.utils.io.DownloadUtils  - io exception caughtServer returned HTTP response code: 400 for URL: http://rest.bioontology.org/bioportal/concepts/null/4932/?apikey=fd88ee35-6995-475d-b15a-85f1b9dd7a42
2013-07-14 10:12:55,632 [INFO ] org.isatools.isacreator.ontologymanager.BioPortalClient  - Getting term information for 4932 -> http://rest.bioontology.org/bioportal/concepts/null/4932/?apikey=fd88ee35-6995-475d-b15a-85f1b9dd7a42
2013-07-14 10:12:59,022 [ERROR] uk.ac.ebi.utils.io.DownloadUtils  - io exception caughtServer returned HTTP response code: 400 for URL: http://rest.bioontology.org/bioportal/concepts/null/4932/?apikey=fd88ee35-6995-475d-b15a-85f1b9dd7a42
2013-07-14 10:12:59,024 [INFO ] org.isatools.isacreator.ontologymanager.BioPortalClient  - Getting term information for 4932 -> http://rest.bioontology.org/bioportal/concepts/null/4932/?apikey=fd88ee35-6995-475d-b15a-85f1b9dd7a42
2013-07-14 10:12:59,419 [ERROR] uk.ac.ebi.utils.io.DownloadUtils  - io exception caughtServer returned HTTP response code: 400 for URL: http://rest.bioontology.org/bioportal/concepts/null/4932/?apikey=fd88ee35-6995-475d-b15a-85f1b9dd7a42
2013-07-14 10:12:59,421 [INFO ] org.isatools.isacreator.ontologymanager.BioPortalClient  - Getting term information for 4932 -> http://rest.bioontology.org/bioportal/concepts/null/4932/?apikey=fd88ee35-6995-475d-b15a-85f1b9dd7a42
2013-07-14 10:12:59,818 [ERROR] uk.ac.ebi.utils.io.DownloadUtils  - io exception caughtServer returned HTTP response code: 400 for URL: http://rest.bioontology.org/bioportal/concepts/null/4932/?apikey=fd88ee35-6995-475d-b15a-85f1b9dd7a42
2013-07-14 10:12:59,821 [INFO ] org.isatools.isacreator.ontologymanager.BioPortalClient  - Getting term information for 4932 -> http://rest.bioontology.org/bioportal/concepts/null/4932/?apikey=fd88ee35-6995-475d-b15a-85f1b9dd7a42
2013-07-14 10:13:00,217 [ERROR] uk.ac.ebi.utils.io.DownloadUtils  - io exception caughtServer returned HTTP response code: 400 for URL: http://rest.bioontology.org/bioportal/concepts/null/4932/?apikey=fd88ee35-6995-475d-b15a-85f1b9dd7a42
2013-07-14 10:13:00,219 [INFO ] org.isatools.isacreator.ontologymanager.BioPortalClient  - Getting term information for 4932 -> http://rest.bioontology.org/bioportal/concepts/null/4932/?apikey=fd88ee35-6995-475d-b15a-85f1b9dd7a42
2013-07-14 10:13:00,588 [ERROR] uk.ac.ebi.utils.io.DownloadUtils  - io exception caughtServer returned HTTP response code: 400 for URL: http://rest.bioontology.org/bioportal/concepts/null/4932/?apikey=fd88ee35-6995-475d-b15a-85f1b9dd7a42
2013-07-14 10:13:00,591 [INFO ] org.isatools.isacreator.ontologymanager.BioPortalClient  - Getting term information for 4932 -> http://rest.bioontology.org/bioportal/concepts/null/4932/?apikey=fd88ee35-6995-475d-b15a-85f1b9dd7a42
2013-07-14 10:13:00,987 [ERROR] uk.ac.ebi.utils.io.DownloadUtils  - io exception caughtServer returned HTTP response code: 400 for URL: http://rest.bioontology.org/bioportal/concepts/null/4932/?apikey=fd88ee35-6995-475d-b15a-85f1b9dd7a42
2013-07-14 10:13:00,989 [INFO ] org.isatools.isacreator.ontologymanager.BioPortalClient  - Getting term information for 4932 -> http://rest.bioontology.org/bioportal/concepts/null/4932/?apikey=fd88ee35-6995-475d-b15a-85f1b9dd7a42
2013-07-14 10:13:01,361 [ERROR] uk.ac.ebi.utils.io.DownloadUtils  - io exception caughtServer returned HTTP response code: 400 for URL: http://rest.bioontology.org/bioportal/concepts/null/4932/?apikey=fd88ee35-6995-475d-b15a-85f1b9dd7a42
2013-07-14 10:13:01,363 [INFO ] org.isatools.isacreator.ontologymanager.BioPortalClient  - Getting term information for 4932 -> http://rest.bioontology.org/bioportal/concepts/null/4932/?apikey=fd88ee35-6995-475d-b15a-85f1b9dd7a42
2013-07-14 10:13:01,734 [ERROR] uk.ac.ebi.utils.io.DownloadUtils  - io exception caughtServer returned HTTP response code: 400 for URL: http://rest.bioontology.org/bioportal/concepts/null/4932/?apikey=fd88ee35-6995-475d-b15a-85f1b9dd7a42
2013-07-14 10:13:01,736 [INFO ] org.isatools.isacreator.ontologymanager.BioPortalClient  - Getting term information for 4932 -> http://rest.bioontology.org/bioportal/concepts/null/4932/?apikey=fd88ee35-6995-475d-b15a-85f1b9dd7a42
2013-07-14 10:13:02,107 [ERROR] uk.ac.ebi.utils.io.DownloadUtils  - io exception caughtServer returned HTTP response code: 400 for URL: http://rest.bioontology.org/bioportal/concepts/null/4932/?apikey=fd88ee35-6995-475d-b15a-85f1b9dd7a42
2013-07-14 10:13:02,110 [INFO ] org.isatools.isacreator.ontologymanager.BioPortalClient  - Getting term information for 4932 -> http://rest.bioontology.org/bioportal/concepts/null/4932/?apikey=fd88ee35-6995-475d-b15a-85f1b9dd7a42
2013-07-14 10:13:02,483 [ERROR] uk.ac.ebi.utils.io.DownloadUtils  - io exception caughtServer returned HTTP response code: 400 for URL: http://rest.bioontology.org/bioportal/concepts/null/4932/?apikey=fd88ee35-6995-475d-b15a-85f1b9dd7a42
2013-07-14 10:13:02,485 [INFO ] org.isatools.isacreator.ontologymanager.BioPortalClient  - Getting term information for 4932 -> http://rest.bioontology.org/bioportal/concepts/null/4932/?apikey=fd88ee35-6995-475d-b15a-85f1b9dd7a42
2013-07-14 10:13:02,856 [ERROR] uk.ac.ebi.utils.io.DownloadUtils  - io exception caughtServer returned HTTP response code: 400 for URL: http://rest.bioontology.org/bioportal/concepts/null/4932/?apikey=fd88ee35-6995-475d-b15a-85f1b9dd7a42
2013-07-14 10:13:02,858 [INFO ] org.isatools.isacreator.ontologymanager.BioPortalClient  - Getting term information for 4932 -> http://rest.bioontology.org/bioportal/concepts/null/4932/?apikey=fd88ee35-6995-475d-b15a-85f1b9dd7a42
2013-07-14 10:13:03,229 [ERROR] uk.ac.ebi.utils.io.DownloadUtils  - io exception caughtServer returned HTTP response code: 400 for URL: http://rest.bioontology.org/bioportal/concepts/null/4932/?apikey=fd88ee35-6995-475d-b15a-85f1b9dd7a42
2013-07-14 10:13:03,233 [INFO ] org.isatools.isacreator.ontologymanager.BioPortalClient  - Getting term information for 4932 -> http://rest.bioontology.org/bioportal/concepts/null/4932/?apikey=fd88ee35-6995-475d-b15a-85f1b9dd7a42
2013-07-14 10:13:03,603 [ERROR] uk.ac.ebi.utils.io.DownloadUtils  - io exception caughtServer returned HTTP response code: 400 for URL: http://rest.bioontology.org/bioportal/concepts/null/4932/?apikey=fd88ee35-6995-475d-b15a-85f1b9dd7a42
2013-07-14 10:13:03,619 [INFO ] org.isatools.isacreator.ontologymanager.BioPortalClient  - Getting term information for 4932 -> http://rest.bioontology.org/bioportal/concepts/null/4932/?apikey=fd88ee35-6995-475d-b15a-85f1b9dd7a42
2013-07-14 10:13:03,990 [ERROR] uk.ac.ebi.utils.io.DownloadUtils  - io exception caughtServer returned HTTP response code: 400 for URL: http://rest.bioontology.org/bioportal/concepts/null/4932/?apikey=fd88ee35-6995-475d-b15a-85f1b9dd7a42
2013-07-14 10:13:03,992 [INFO ] org.isatools.isacreator.ontologymanager.BioPortalClient  - Getting term information for 4932 -> http://rest.bioontology.org/bioportal/concepts/null/4932/?apikey=fd88ee35-6995-475d-b15a-85f1b9dd7a42
2013-07-14 10:13:04,362 [ERROR] uk.ac.ebi.utils.io.DownloadUtils  - io exception caughtServer returned HTTP response code: 400 for URL: http://rest.bioontology.org/bioportal/concepts/null/4932/?apikey=fd88ee35-6995-475d-b15a-85f1b9dd7a42
2013-07-14 10:13:04,365 [INFO ] org.isatools.isacreator.ontologymanager.BioPortalClient  - Getting term information for 4932 -> http://rest.bioontology.org/bioportal/concepts/null/4932/?apikey=fd88ee35-6995-475d-b15a-85f1b9dd7a42
2013-07-14 10:13:04,736 [ERROR] uk.ac.ebi.utils.io.DownloadUtils  - io exception caughtServer returned HTTP response code: 400 for URL: http://rest.bioontology.org/bioportal/concepts/null/4932/?apikey=fd88ee35-6995-475d-b15a-85f1b9dd7a42
2013-07-14 10:13:04,739 [INFO ] org.isatools.isacreator.ontologymanager.BioPortalClient  - Getting term information for 4932 -> http://rest.bioontology.org/bioportal/concepts/null/4932/?apikey=fd88ee35-6995-475d-b15a-85f1b9dd7a42
2013-07-14 10:13:05,108 [ERROR] uk.ac.ebi.utils.io.DownloadUtils  - io exception caughtServer returned HTTP response code: 400 for URL: http://rest.bioontology.org/bioportal/concepts/null/4932/?apikey=fd88ee35-6995-475d-b15a-85f1b9dd7a42
2013-07-14 10:13:05,110 [INFO ] org.isatools.isacreator.ontologymanager.BioPortalClient  - Getting term information for 4932 -> http://rest.bioontology.org/bioportal/concepts/null/4932/?apikey=fd88ee35-6995-475d-b15a-85f1b9dd7a42
2013-07-14 10:13:05,506 [ERROR] uk.ac.ebi.utils.io.DownloadUtils  - io exception caughtServer returned HTTP response code: 400 for URL: http://rest.bioontology.org/bioportal/concepts/null/4932/?apikey=fd88ee35-6995-475d-b15a-85f1b9dd7a42
2013-07-14 10:13:05,508 [INFO ] org.isatools.isacreator.ontologymanager.BioPortalClient  - Getting term information for 4932 -> http://rest.bioontology.org/bioportal/concepts/null/4932/?apikey=fd88ee35-6995-475d-b15a-85f1b9dd7a42
2013-07-14 10:13:05,878 [ERROR] uk.ac.ebi.utils.io.DownloadUtils  - io exception caughtServer returned HTTP response code: 400 for URL: http://rest.bioontology.org/bioportal/concepts/null/4932/?apikey=fd88ee35-6995-475d-b15a-85f1b9dd7a42
2013-07-14 10:13:05,880 [INFO ] org.isatools.isacreator.ontologymanager.BioPortalClient  - Getting term information for 4932 -> http://rest.bioontology.org/bioportal/concepts/null/4932/?apikey=fd88ee35-6995-475d-b15a-85f1b9dd7a42
2013-07-14 10:13:06,251 [ERROR] uk.ac.ebi.utils.io.DownloadUtils  - io exception caughtServer returned HTTP response code: 400 for URL: http://rest.bioontology.org/bioportal/concepts/null/4932/?apikey=fd88ee35-6995-475d-b15a-85f1b9dd7a42
2013-07-14 10:13:06,253 [INFO ] org.isatools.isacreator.ontologymanager.BioPortalClient  - Getting term information for 4932 -> http://rest.bioontology.org/bioportal/concepts/null/4932/?apikey=fd88ee35-6995-475d-b15a-85f1b9dd7a42
2013-07-14 10:13:06,699 [ERROR] uk.ac.ebi.utils.io.DownloadUtils  - io exception caughtServer returned HTTP response code: 400 for URL: http://rest.bioontology.org/bioportal/concepts/null/4932/?apikey=fd88ee35-6995-475d-b15a-85f1b9dd7a42
2013-07-14 10:13:06,702 [INFO ] org.isatools.isacreator.ontologymanager.BioPortalClient  - Getting term information for 4932 -> http://rest.bioontology.org/bioportal/concepts/null/4932/?apikey=fd88ee35-6995-475d-b15a-85f1b9dd7a42
2013-07-14 10:13:07,071 [ERROR] uk.ac.ebi.utils.io.DownloadUtils  - io exception caughtServer returned HTTP response code: 400 for URL: http://rest.bioontology.org/bioportal/concepts/null/4932/?apikey=fd88ee35-6995-475d-b15a-85f1b9dd7a42
2013-07-14 10:13:07,076 [INFO ] org.isatools.isacreator.ontologymanager.BioPortalClient  - Getting term information for 4932 -> http://rest.bioontology.org/bioportal/concepts/null/4932/?apikey=fd88ee35-6995-475d-b15a-85f1b9dd7a42
2013-07-14 10:13:08,633 [ERROR] uk.ac.ebi.utils.io.DownloadUtils  - io exception caughtConnection refused: connect
2013-07-14 10:13:08,636 [INFO ] org.isatools.isacreator.ontologymanager.BioPortalClient  - Getting term information for 4932 -> http://rest.bioontology.org/bioportal/concepts/null/4932/?apikey=fd88ee35-6995-475d-b15a-85f1b9dd7a42
2013-07-14 10:13:10,189 [ERROR] uk.ac.ebi.utils.io.DownloadUtils  - io exception caughtConnection refused: connect
2013-07-14 10:13:10,192 [INFO ] org.isatools.isacreator.ontologymanager.BioPortalClient  - Getting term information for 4932 -> http://rest.bioontology.org/bioportal/concepts/null/4932/?apikey=fd88ee35-6995-475d-b15a-85f1b9dd7a42
2013-07-14 10:13:11,754 [ERROR] uk.ac.ebi.utils.io.DownloadUtils  - io exception caughtConnection refused: connect
2013-07-14 10:13:11,757 [INFO ] org.isatools.isacreator.ontologymanager.BioPortalClient  - Getting term information for 4932 -> http://rest.bioontology.org/bioportal/concepts/null/4932/?apikey=fd88ee35-6995-475d-b15a-85f1b9dd7a42
2013-07-14 10:13:13,327 [ERROR] uk.ac.ebi.utils.io.DownloadUtils  - io exception caughtConnection refused: connect
2013-07-14 10:13:13,331 [INFO ] org.isatools.isacreator.ontologymanager.BioPortalClient  - Getting term information for 4932 -> http://rest.bioontology.org/bioportal/concepts/null/4932/?apikey=fd88ee35-6995-475d-b15a-85f1b9dd7a42
2013-07-14 10:13:14,884 [ERROR] uk.ac.ebi.utils.io.DownloadUtils  - io exception caughtConnection refused: connect
2013-07-14 10:13:14,886 [INFO ] org.isatools.isacreator.ontologymanager.BioPortalClient  - Getting term information for 4932 -> http://rest.bioontology.org/bioportal/concepts/null/4932/?apikey=fd88ee35-6995-475d-b15a-85f1b9dd7a42
2013-07-14 10:13:16,428 [ERROR] uk.ac.ebi.utils.io.DownloadUtils  - io exception caughtConnection refused: connect
2013-07-14 10:13:16,431 [INFO ] org.isatools.isacreator.ontologymanager.BioPortalClient  - Getting term information for 4932 -> http://rest.bioontology.org/bioportal/concepts/null/4932/?apikey=fd88ee35-6995-475d-b15a-85f1b9dd7a42
2013-07-14 10:13:18,024 [ERROR] uk.ac.ebi.utils.io.DownloadUtils  - io exception caughtConnection refused: connect
2013-07-14 10:13:18,026 [INFO ] org.isatools.isacreator.ontologymanager.BioPortalClient  - Getting term information for 4932 -> http://rest.bioontology.org/bioportal/concepts/null/4932/?apikey=fd88ee35-6995-475d-b15a-85f1b9dd7a42
2013-07-14 10:13:19,616 [ERROR] uk.ac.ebi.utils.io.DownloadUtils  - io exception caughtConnection refused: connect
2013-07-14 10:13:19,618 [INFO ] org.isatools.isacreator.ontologymanager.BioPortalClient  - Getting term information for 4932 -> http://rest.bioontology.org/bioportal/concepts/null/4932/?apikey=fd88ee35-6995-475d-b15a-85f1b9dd7a42
2013-07-14 10:13:21,177 [ERROR] uk.ac.ebi.utils.io.DownloadUtils  - io exception caughtConnection refused: connect
2013-07-14 10:13:21,178 [INFO ] org.isatools.isacreator.ontologymanager.BioPortalClient  - Getting term information for 4932 -> http://rest.bioontology.org/bioportal/concepts/null/4932/?apikey=fd88ee35-6995-475d-b15a-85f1b9dd7a42
2013-07-14 10:13:22,736 [ERROR] uk.ac.ebi.utils.io.DownloadUtils  - io exception caughtConnection refused: connect
2013-07-14 10:13:22,738 [INFO ] org.isatools.isacreator.ontologymanager.BioPortalClient  - Getting term information for 4932 -> http://rest.bioontology.org/bioportal/concepts/null/4932/?apikey=fd88ee35-6995-475d-b15a-85f1b9dd7a42
2013-07-14 10:13:24,291 [ERROR] uk.ac.ebi.utils.io.DownloadUtils  - io exception caughtConnection refused: connect
2013-07-14 10:13:24,294 [INFO ] org.isatools.isacreator.ontologymanager.BioPortalClient  - Getting term information for 4932 -> http://rest.bioontology.org/bioportal/concepts/null/4932/?apikey=fd88ee35-6995-475d-b15a-85f1b9dd7a42
2013-07-14 10:13:25,885 [ERROR] uk.ac.ebi.utils.io.DownloadUtils  - io exception caughtConnection refused: connect
2013-07-14 10:13:25,888 [INFO ] org.isatools.isacreator.ontologymanager.BioPortalClient  - Getting term information for 4932 -> http://rest.bioontology.org/bioportal/concepts/null/4932/?apikey=fd88ee35-6995-475d-b15a-85f1b9dd7a42
2013-07-14 10:13:27,441 [ERROR] uk.ac.ebi.utils.io.DownloadUtils  - io exception caughtConnection refused: connect
2013-07-14 10:13:27,443 [INFO ] org.isatools.isacreator.ontologymanager.BioPortalClient  - Getting term information for 4932 -> http://rest.bioontology.org/bioportal/concepts/null/4932/?apikey=fd88ee35-6995-475d-b15a-85f1b9dd7a42
2013-07-14 10:13:28,992 [ERROR] uk.ac.ebi.utils.io.DownloadUtils  - io exception caughtConnection refused: connect
2013-07-14 10:13:28,993 [INFO ] org.isatools.isacreator.ontologymanager.BioPortalClient  - Getting term information for 4932 -> http://rest.bioontology.org/bioportal/concepts/null/4932/?apikey=fd88ee35-6995-475d-b15a-85f1b9dd7a42
2013-07-14 10:13:30,553 [ERROR] uk.ac.ebi.utils.io.DownloadUtils  - io exception caughtConnection refused: connect
2013-07-14 10:13:30,556 [INFO ] org.isatools.isacreator.ontologymanager.BioPortalClient  - Getting term information for 4932 -> http://rest.bioontology.org/bioportal/concepts/null/4932/?apikey=fd88ee35-6995-475d-b15a-85f1b9dd7a42
2013-07-14 10:13:32,100 [ERROR] uk.ac.ebi.utils.io.DownloadUtils  - io exception caughtConnection refused: connect
2013-07-14 10:13:32,103 [INFO ] org.isatools.isacreator.ontologymanager.BioPortalClient  - Getting term information for 4932 -> http://rest.bioontology.org/bioportal/concepts/null/4932/?apikey=fd88ee35-6995-475d-b15a-85f1b9dd7a42
2013-07-14 10:13:33,658 [ERROR] uk.ac.ebi.utils.io.DownloadUtils  - io exception caughtConnection refused: connect
2013-07-14 10:13:33,661 [INFO ] org.isatools.isacreator.ontologymanager.BioPortalClient  - Getting term information for 4932 -> http://rest.bioontology.org/bioportal/concepts/null/4932/?apikey=fd88ee35-6995-475d-b15a-85f1b9dd7a42
2013-07-14 10:13:35,205 [ERROR] uk.ac.ebi.utils.io.DownloadUtils  - io exception caughtConnection refused: connect
2013-07-14 10:13:35,207 [INFO ] org.isatools.isacreator.ontologymanager.BioPortalClient  - Getting term information for 4932 -> http://rest.bioontology.org/bioportal/concepts/null/4932/?apikey=fd88ee35-6995-475d-b15a-85f1b9dd7a42
2013-07-14 10:13:36,762 [ERROR] uk.ac.ebi.utils.io.DownloadUtils  - io exception caughtConnection refused: connect
2013-07-14 10:13:36,764 [INFO ] org.isatools.isacreator.ontologymanager.BioPortalClient  - Getting term information for 4932 -> http://rest.bioontology.org/bioportal/concepts/null/4932/?apikey=fd88ee35-6995-475d-b15a-85f1b9dd7a42
2013-07-14 10:13:38,321 [ERROR] uk.ac.ebi.utils.io.DownloadUtils  - io exception caughtConnection refused: connect
2013-07-14 10:13:38,323 [INFO ] org.isatools.isacreator.ontologymanager.BioPortalClient  - Getting term information for 4932 -> http://rest.bioontology.org/bioportal/concepts/null/4932/?apikey=fd88ee35-6995-475d-b15a-85f1b9dd7a42
2013-07-14 10:13:39,881 [ERROR] uk.ac.ebi.utils.io.DownloadUtils  - io exception caughtConnection refused: connect
2013-07-14 10:13:39,883 [INFO ] org.isatools.isacreator.ontologymanager.BioPortalClient  - Getting term information for 4932 -> http://rest.bioontology.org/bioportal/concepts/null/4932/?apikey=fd88ee35-6995-475d-b15a-85f1b9dd7a42
2013-07-14 10:13:41,466 [ERROR] uk.ac.ebi.utils.io.DownloadUtils  - io exception caughtConnection refused: connect
2013-07-14 10:13:41,468 [INFO ] org.isatools.isacreator.ontologymanager.BioPortalClient  - Getting term information for 4932 -> http://rest.bioontology.org/bioportal/concepts/null/4932/?apikey=fd88ee35-6995-475d-b15a-85f1b9dd7a42
2013-07-14 10:13:43,016 [ERROR] uk.ac.ebi.utils.io.DownloadUtils  - io exception caughtConnection refused: connect
2013-07-14 10:13:43,018 [INFO ] org.isatools.isacreator.ontologymanager.BioPortalClient  - Getting term information for 4932 -> http://rest.bioontology.org/bioportal/concepts/null/4932/?apikey=fd88ee35-6995-475d-b15a-85f1b9dd7a42
2013-07-14 10:13:44,570 [ERROR] uk.ac.ebi.utils.io.DownloadUtils  - io exception caughtConnection refused: connect
2013-07-14 10:13:44,572 [INFO ] org.isatools.isacreator.ontologymanager.BioPortalClient  - Getting term information for 4932 -> http://rest.bioontology.org/bioportal/concepts/null/4932/?apikey=fd88ee35-6995-475d-b15a-85f1b9dd7a42
2013-07-14 10:13:46,126 [ERROR] uk.ac.ebi.utils.io.DownloadUtils  - io exception caughtConnection refused: connect
2013-07-14 10:13:46,129 [INFO ] org.isatools.isacreator.ontologymanager.BioPortalClient  - Getting term information for 4932 -> http://rest.bioontology.org/bioportal/concepts/null/4932/?apikey=fd88ee35-6995-475d-b15a-85f1b9dd7a42
2013-07-14 10:13:47,720 [ERROR] uk.ac.ebi.utils.io.DownloadUtils  - io exception caughtConnection refused: connect
2013-07-14 10:13:47,722 [INFO ] org.isatools.isacreator.ontologymanager.BioPortalClient  - Getting term information for 4932 -> http://rest.bioontology.org/bioportal/concepts/null/4932/?apikey=fd88ee35-6995-475d-b15a-85f1b9dd7a42
2013-07-14 10:13:49,460 [ERROR] uk.ac.ebi.utils.io.DownloadUtils  - io exception caughtServer returned HTTP response code: 400 for URL: http://rest.bioontology.org/bioportal/concepts/null/4932/?apikey=fd88ee35-6995-475d-b15a-85f1b9dd7a42
2013-07-14 10:13:49,463 [INFO ] org.isatools.isacreator.ontologymanager.BioPortalClient  - Getting term information for 4932 -> http://rest.bioontology.org/bioportal/concepts/null/4932/?apikey=fd88ee35-6995-475d-b15a-85f1b9dd7a42
2013-07-14 10:13:49,836 [ERROR] uk.ac.ebi.utils.io.DownloadUtils  - io exception caughtServer returned HTTP response code: 400 for URL: http://rest.bioontology.org/bioportal/concepts/null/4932/?apikey=fd88ee35-6995-475d-b15a-85f1b9dd7a42
2013-07-14 10:13:49,838 [INFO ] org.isatools.isacreator.ontologymanager.BioPortalClient  - Getting term information for 4932 -> http://rest.bioontology.org/bioportal/concepts/null/4932/?apikey=fd88ee35-6995-475d-b15a-85f1b9dd7a42
2013-07-14 10:13:50,210 [ERROR] uk.ac.ebi.utils.io.DownloadUtils  - io exception caughtServer returned HTTP response code: 400 for URL: http://rest.bioontology.org/bioportal/concepts/null/4932/?apikey=fd88ee35-6995-475d-b15a-85f1b9dd7a42
2013-07-14 10:13:50,212 [INFO ] org.isatools.isacreator.ontologymanager.BioPortalClient  - Getting term information for 4932 -> http://rest.bioontology.org/bioportal/concepts/null/4932/?apikey=fd88ee35-6995-475d-b15a-85f1b9dd7a42
2013-07-14 10:13:50,582 [ERROR] uk.ac.ebi.utils.io.DownloadUtils  - io exception caughtServer returned HTTP response code: 400 for URL: http://rest.bioontology.org/bioportal/concepts/null/4932/?apikey=fd88ee35-6995-475d-b15a-85f1b9dd7a42
2013-07-14 10:13:50,584 [INFO ] org.isatools.isacreator.ontologymanager.BioPortalClient  - Getting term information for 4932 -> http://rest.bioontology.org/bioportal/concepts/null/4932/?apikey=fd88ee35-6995-475d-b15a-85f1b9dd7a42
2013-07-14 10:13:50,955 [ERROR] uk.ac.ebi.utils.io.DownloadUtils  - io exception caughtServer returned HTTP response code: 400 for URL: http://rest.bioontology.org/bioportal/concepts/null/4932/?apikey=fd88ee35-6995-475d-b15a-85f1b9dd7a42
2013-07-14 10:13:50,957 [INFO ] org.isatools.isacreator.ontologymanager.BioPortalClient  - Getting term information for 4932 -> http://rest.bioontology.org/bioportal/concepts/null/4932/?apikey=fd88ee35-6995-475d-b15a-85f1b9dd7a42
2013-07-14 10:13:51,327 [ERROR] uk.ac.ebi.utils.io.DownloadUtils  - io exception caughtServer returned HTTP response code: 400 for URL: http://rest.bioontology.org/bioportal/concepts/null/4932/?apikey=fd88ee35-6995-475d-b15a-85f1b9dd7a42
2013-07-14 10:13:51,329 [INFO ] org.isatools.isacreator.ontologymanager.BioPortalClient  - Getting term information for 4932 -> http://rest.bioontology.org/bioportal/concepts/null/4932/?apikey=fd88ee35-6995-475d-b15a-85f1b9dd7a42
2013-07-14 10:13:51,699 [ERROR] uk.ac.ebi.utils.io.DownloadUtils  - io exception caughtServer returned HTTP response code: 400 for URL: http://rest.bioontology.org/bioportal/concepts/null/4932/?apikey=fd88ee35-6995-475d-b15a-85f1b9dd7a42
2013-07-14 10:13:51,701 [INFO ] org.isatools.isacreator.ontologymanager.BioPortalClient  - Getting term information for 4932 -> http://rest.bioontology.org/bioportal/concepts/null/4932/?apikey=fd88ee35-6995-475d-b15a-85f1b9dd7a42
2013-07-14 10:13:52,097 [ERROR] uk.ac.ebi.utils.io.DownloadUtils  - io exception caughtServer returned HTTP response code: 400 for URL: http://rest.bioontology.org/bioportal/concepts/null/4932/?apikey=fd88ee35-6995-475d-b15a-85f1b9dd7a42
2013-07-14 10:13:52,099 [INFO ] org.isatools.isacreator.ontologymanager.BioPortalClient  - Getting term information for 4932 -> http://rest.bioontology.org/bioportal/concepts/null/4932/?apikey=fd88ee35-6995-475d-b15a-85f1b9dd7a42
2013-07-14 10:13:52,470 [ERROR] uk.ac.ebi.utils.io.DownloadUtils  - io exception caughtServer returned HTTP response code: 400 for URL: http://rest.bioontology.org/bioportal/concepts/null/4932/?apikey=fd88ee35-6995-475d-b15a-85f1b9dd7a42
2013-07-14 10:13:52,481 [INFO ] org.isatools.isacreator.ontologymanager.BioPortalClient  - Getting term information for 4932 -> http://rest.bioontology.org/bioportal/concepts/null/4932/?apikey=fd88ee35-6995-475d-b15a-85f1b9dd7a42
2013-07-14 10:13:52,851 [ERROR] uk.ac.ebi.utils.io.DownloadUtils  - io exception caughtServer returned HTTP response code: 400 for URL: http://rest.bioontology.org/bioportal/concepts/null/4932/?apikey=fd88ee35-6995-475d-b15a-85f1b9dd7a42
2013-07-14 10:13:52,853 [INFO ] org.isatools.isacreator.ontologymanager.BioPortalClient  - Getting term information for 4932 -> http://rest.bioontology.org/bioportal/concepts/null/4932/?apikey=fd88ee35-6995-475d-b15a-85f1b9dd7a42
2013-07-14 10:13:53,224 [ERROR] uk.ac.ebi.utils.io.DownloadUtils  - io exception caughtServer returned HTTP response code: 400 for URL: http://rest.bioontology.org/bioportal/concepts/null/4932/?apikey=fd88ee35-6995-475d-b15a-85f1b9dd7a42
2013-07-14 10:13:53,226 [INFO ] org.isatools.isacreator.ontologymanager.BioPortalClient  - Getting term information for 4932 -> http://rest.bioontology.org/bioportal/concepts/null/4932/?apikey=fd88ee35-6995-475d-b15a-85f1b9dd7a42
2013-07-14 10:13:53,596 [ERROR] uk.ac.ebi.utils.io.DownloadUtils  - io exception caughtServer returned HTTP response code: 400 for URL: http://rest.bioontology.org/bioportal/concepts/null/4932/?apikey=fd88ee35-6995-475d-b15a-85f1b9dd7a42
2013-07-14 10:13:53,598 [INFO ] org.isatools.isacreator.ontologymanager.BioPortalClient  - Getting term information for 4932 -> http://rest.bioontology.org/bioportal/concepts/null/4932/?apikey=fd88ee35-6995-475d-b15a-85f1b9dd7a42
2013-07-14 10:13:53,971 [ERROR] uk.ac.ebi.utils.io.DownloadUtils  - io exception caughtServer returned HTTP response code: 400 for URL: http://rest.bioontology.org/bioportal/concepts/null/4932/?apikey=fd88ee35-6995-475d-b15a-85f1b9dd7a42
2013-07-14 10:13:53,973 [INFO ] org.isatools.isacreator.ontologymanager.BioPortalClient  - Getting term information for 4932 -> http://rest.bioontology.org/bioportal/concepts/null/4932/?apikey=fd88ee35-6995-475d-b15a-85f1b9dd7a42
2013-07-14 10:13:54,345 [ERROR] uk.ac.ebi.utils.io.DownloadUtils  - io exception caughtServer returned HTTP response code: 400 for URL: http://rest.bioontology.org/bioportal/concepts/null/4932/?apikey=fd88ee35-6995-475d-b15a-85f1b9dd7a42
2013-07-14 10:13:54,348 [INFO ] org.isatools.isacreator.ontologymanager.BioPortalClient  - Getting term information for 4932 -> http://rest.bioontology.org/bioportal/concepts/null/4932/?apikey=fd88ee35-6995-475d-b15a-85f1b9dd7a42
2013-07-14 10:13:54,741 [ERROR] uk.ac.ebi.utils.io.DownloadUtils  - io exception caughtServer returned HTTP response code: 400 for URL: http://rest.bioontology.org/bioportal/concepts/null/4932/?apikey=fd88ee35-6995-475d-b15a-85f1b9dd7a42
2013-07-14 10:13:54,744 [INFO ] org.isatools.isacreator.ontologymanager.BioPortalClient  - Getting term information for 4932 -> http://rest.bioontology.org/bioportal/concepts/null/4932/?apikey=fd88ee35-6995-475d-b15a-85f1b9dd7a42
2013-07-14 10:13:55,114 [ERROR] uk.ac.ebi.utils.io.DownloadUtils  - io exception caughtServer returned HTTP response code: 400 for URL: http://rest.bioontology.org/bioportal/concepts/null/4932/?apikey=fd88ee35-6995-475d-b15a-85f1b9dd7a42
2013-07-14 10:13:55,116 [INFO ] org.isatools.isacreator.ontologymanager.BioPortalClient  - Getting term information for 4932 -> http://rest.bioontology.org/bioportal/concepts/null/4932/?apikey=fd88ee35-6995-475d-b15a-85f1b9dd7a42
2013-07-14 10:13:55,488 [ERROR] uk.ac.ebi.utils.io.DownloadUtils  - io exception caughtServer returned HTTP response code: 400 for URL: http://rest.bioontology.org/bioportal/concepts/null/4932/?apikey=fd88ee35-6995-475d-b15a-85f1b9dd7a42
2013-07-14 10:13:55,490 [INFO ] org.isatools.isacreator.ontologymanager.BioPortalClient  - Getting term information for 4932 -> http://rest.bioontology.org/bioportal/concepts/null/4932/?apikey=fd88ee35-6995-475d-b15a-85f1b9dd7a42
2013-07-14 10:13:55,884 [ERROR] uk.ac.ebi.utils.io.DownloadUtils  - io exception caughtServer returned HTTP response code: 400 for URL: http://rest.bioontology.org/bioportal/concepts/null/4932/?apikey=fd88ee35-6995-475d-b15a-85f1b9dd7a42
2013-07-14 10:13:55,886 [INFO ] org.isatools.isacreator.ontologymanager.BioPortalClient  - Getting term information for 4932 -> http://rest.bioontology.org/bioportal/concepts/null/4932/?apikey=fd88ee35-6995-475d-b15a-85f1b9dd7a42
2013-07-14 10:13:56,257 [ERROR] uk.ac.ebi.utils.io.DownloadUtils  - io exception caughtServer returned HTTP response code: 400 for URL: http://rest.bioontology.org/bioportal/concepts/null/4932/?apikey=fd88ee35-6995-475d-b15a-85f1b9dd7a42
2013-07-14 10:13:56,260 [INFO ] org.isatools.isacreator.ontologymanager.BioPortalClient  - Getting term information for 4932 -> http://rest.bioontology.org/bioportal/concepts/null/4932/?apikey=fd88ee35-6995-475d-b15a-85f1b9dd7a42
2013-07-14 10:13:57,813 [ERROR] uk.ac.ebi.utils.io.DownloadUtils  - io exception caughtConnection refused: connect
2013-07-14 10:13:57,815 [INFO ] org.isatools.isacreator.ontologymanager.BioPortalClient  - Getting term information for 4932 -> http://rest.bioontology.org/bioportal/concepts/null/4932/?apikey=fd88ee35-6995-475d-b15a-85f1b9dd7a42
2013-07-14 10:13:59,413 [ERROR] uk.ac.ebi.utils.io.DownloadUtils  - io exception caughtConnection refused: connect
2013-07-14 10:13:59,416 [INFO ] org.isatools.isacreator.ontologymanager.BioPortalClient  - Getting term information for 4932 -> http://rest.bioontology.org/bioportal/concepts/null/4932/?apikey=fd88ee35-6995-475d-b15a-85f1b9dd7a42
2013-07-14 10:14:00,472 [ERROR] uk.ac.ebi.utils.io.DownloadUtils  - io exception caughtServer returned HTTP response code: 400 for URL: http://rest.bioontology.org/bioportal/concepts/null/4932/?apikey=fd88ee35-6995-475d-b15a-85f1b9dd7a42
2013-07-14 10:14:00,474 [INFO ] org.isatools.isacreator.ontologymanager.BioPortalClient  - Getting term information for 4932 -> http://rest.bioontology.org/bioportal/concepts/null/4932/?apikey=fd88ee35-6995-475d-b15a-85f1b9dd7a42
2013-07-14 10:14:00,843 [ERROR] uk.ac.ebi.utils.io.DownloadUtils  - io exception caughtServer returned HTTP response code: 400 for URL: http://rest.bioontology.org/bioportal/concepts/null/4932/?apikey=fd88ee35-6995-475d-b15a-85f1b9dd7a42
2013-07-14 10:14:00,845 [INFO ] org.isatools.isacreator.ontologymanager.BioPortalClient  - Getting term information for 4932 -> http://rest.bioontology.org/bioportal/concepts/null/4932/?apikey=fd88ee35-6995-475d-b15a-85f1b9dd7a42
2013-07-14 10:14:01,215 [ERROR] uk.ac.ebi.utils.io.DownloadUtils  - io exception caughtServer returned HTTP response code: 400 for URL: http://rest.bioontology.org/bioportal/concepts/null/4932/?apikey=fd88ee35-6995-475d-b15a-85f1b9dd7a42
2013-07-14 10:14:01,217 [INFO ] org.isatools.isacreator.ontologymanager.BioPortalClient  - Getting term information for 4932 -> http://rest.bioontology.org/bioportal/concepts/null/4932/?apikey=fd88ee35-6995-475d-b15a-85f1b9dd7a42
2013-07-14 10:14:01,613 [ERROR] uk.ac.ebi.utils.io.DownloadUtils  - io exception caughtServer returned HTTP response code: 400 for URL: http://rest.bioontology.org/bioportal/concepts/null/4932/?apikey=fd88ee35-6995-475d-b15a-85f1b9dd7a42
2013-07-14 10:14:01,615 [INFO ] org.isatools.isacreator.ontologymanager.BioPortalClient  - Getting term information for 4932 -> http://rest.bioontology.org/bioportal/concepts/null/4932/?apikey=fd88ee35-6995-475d-b15a-85f1b9dd7a42
2013-07-14 10:14:01,985 [ERROR] uk.ac.ebi.utils.io.DownloadUtils  - io exception caughtServer returned HTTP response code: 400 for URL: http://rest.bioontology.org/bioportal/concepts/null/4932/?apikey=fd88ee35-6995-475d-b15a-85f1b9dd7a42
2013-07-14 10:14:01,987 [INFO ] org.isatools.isacreator.ontologymanager.BioPortalClient  - Getting term information for 4932 -> http://rest.bioontology.org/bioportal/concepts/null/4932/?apikey=fd88ee35-6995-475d-b15a-85f1b9dd7a42
2013-07-14 10:14:02,360 [ERROR] uk.ac.ebi.utils.io.DownloadUtils  - io exception caughtServer returned HTTP response code: 400 for URL: http://rest.bioontology.org/bioportal/concepts/null/4932/?apikey=fd88ee35-6995-475d-b15a-85f1b9dd7a42
2013-07-14 10:14:02,362 [INFO ] org.isatools.isacreator.ontologymanager.BioPortalClient  - Getting term information for 4932 -> http://rest.bioontology.org/bioportal/concepts/null/4932/?apikey=fd88ee35-6995-475d-b15a-85f1b9dd7a42
2013-07-14 10:14:02,756 [ERROR] uk.ac.ebi.utils.io.DownloadUtils  - io exception caughtServer returned HTTP response code: 400 for URL: http://rest.bioontology.org/bioportal/concepts/null/4932/?apikey=fd88ee35-6995-475d-b15a-85f1b9dd7a42
2013-07-14 10:14:02,758 [INFO ] org.isatools.isacreator.ontologymanager.BioPortalClient  - Getting term information for 4932 -> http://rest.bioontology.org/bioportal/concepts/null/4932/?apikey=fd88ee35-6995-475d-b15a-85f1b9dd7a42
2013-07-14 10:14:03,128 [ERROR] uk.ac.ebi.utils.io.DownloadUtils  - io exception caughtServer returned HTTP response code: 400 for URL: http://rest.bioontology.org/bioportal/concepts/null/4932/?apikey=fd88ee35-6995-475d-b15a-85f1b9dd7a42
2013-07-14 10:14:03,131 [INFO ] org.isatools.isacreator.ontologymanager.BioPortalClient  - Getting term information for 4932 -> http://rest.bioontology.org/bioportal/concepts/null/4932/?apikey=fd88ee35-6995-475d-b15a-85f1b9dd7a42
2013-07-14 10:14:03,502 [ERROR] uk.ac.ebi.utils.io.DownloadUtils  - io exception caughtServer returned HTTP response code: 400 for URL: http://rest.bioontology.org/bioportal/concepts/null/4932/?apikey=fd88ee35-6995-475d-b15a-85f1b9dd7a42
2013-07-14 10:14:03,504 [INFO ] org.isatools.isacreator.ontologymanager.BioPortalClient  - Getting term information for 4932 -> http://rest.bioontology.org/bioportal/concepts/null/4932/?apikey=fd88ee35-6995-475d-b15a-85f1b9dd7a42
2013-07-14 10:14:03,873 [ERROR] uk.ac.ebi.utils.io.DownloadUtils  - io exception caughtServer returned HTTP response code: 400 for URL: http://rest.bioontology.org/bioportal/concepts/null/4932/?apikey=fd88ee35-6995-475d-b15a-85f1b9dd7a42
2013-07-14 10:14:03,876 [INFO ] org.isatools.isacreator.ontologymanager.BioPortalClient  - Getting term information for 4932 -> http://rest.bioontology.org/bioportal/concepts/null/4932/?apikey=fd88ee35-6995-475d-b15a-85f1b9dd7a42
2013-07-14 10:14:04,271 [ERROR] uk.ac.ebi.utils.io.DownloadUtils  - io exception caughtServer returned HTTP response code: 400 for URL: http://rest.bioontology.org/bioportal/concepts/null/4932/?apikey=fd88ee35-6995-475d-b15a-85f1b9dd7a42
2013-07-14 10:14:04,273 [INFO ] org.isatools.isacreator.ontologymanager.BioPortalClient  - Getting term information for 4932 -> http://rest.bioontology.org/bioportal/concepts/null/4932/?apikey=fd88ee35-6995-475d-b15a-85f1b9dd7a42
2013-07-14 10:14:04,672 [ERROR] uk.ac.ebi.utils.io.DownloadUtils  - io exception caughtServer returned HTTP response code: 400 for URL: http://rest.bioontology.org/bioportal/concepts/null/4932/?apikey=fd88ee35-6995-475d-b15a-85f1b9dd7a42
2013-07-14 10:14:04,675 [INFO ] org.isatools.isacreator.ontologymanager.BioPortalClient  - Getting term information for 4932 -> http://rest.bioontology.org/bioportal/concepts/null/4932/?apikey=fd88ee35-6995-475d-b15a-85f1b9dd7a42
2013-07-14 10:14:05,044 [ERROR] uk.ac.ebi.utils.io.DownloadUtils  - io exception caughtServer returned HTTP response code: 400 for URL: http://rest.bioontology.org/bioportal/concepts/null/4932/?apikey=fd88ee35-6995-475d-b15a-85f1b9dd7a42
2013-07-14 10:14:05,046 [INFO ] org.isatools.isacreator.ontologymanager.BioPortalClient  - Getting term information for 4932 -> http://rest.bioontology.org/bioportal/concepts/null/4932/?apikey=fd88ee35-6995-475d-b15a-85f1b9dd7a42
2013-07-14 10:14:05,416 [ERROR] uk.ac.ebi.utils.io.DownloadUtils  - io exception caughtServer returned HTTP response code: 400 for URL: http://rest.bioontology.org/bioportal/concepts/null/4932/?apikey=fd88ee35-6995-475d-b15a-85f1b9dd7a42
2013-07-14 10:14:05,418 [INFO ] org.isatools.isacreator.ontologymanager.BioPortalClient  - Getting term information for 4932 -> http://rest.bioontology.org/bioportal/concepts/null/4932/?apikey=fd88ee35-6995-475d-b15a-85f1b9dd7a42
2013-07-14 10:14:05,788 [ERROR] uk.ac.ebi.utils.io.DownloadUtils  - io exception caughtServer returned HTTP response code: 400 for URL: http://rest.bioontology.org/bioportal/concepts/null/4932/?apikey=fd88ee35-6995-475d-b15a-85f1b9dd7a42
2013-07-14 10:14:05,807 [INFO ] org.isatools.isacreator.ontologymanager.BioPortalClient  - Getting term information for 4932 -> http://rest.bioontology.org/bioportal/concepts/null/4932/?apikey=fd88ee35-6995-475d-b15a-85f1b9dd7a42
2013-07-14 10:14:06,177 [ERROR] uk.ac.ebi.utils.io.DownloadUtils  - io exception caughtServer returned HTTP response code: 400 for URL: http://rest.bioontology.org/bioportal/concepts/null/4932/?apikey=fd88ee35-6995-475d-b15a-85f1b9dd7a42
2013-07-14 10:14:06,180 [INFO ] org.isatools.isacreator.ontologymanager.BioPortalClient  - Getting term information for 4932 -> http://rest.bioontology.org/bioportal/concepts/null/4932/?apikey=fd88ee35-6995-475d-b15a-85f1b9dd7a42
2013-07-14 10:14:06,549 [ERROR] uk.ac.ebi.utils.io.DownloadUtils  - io exception caughtServer returned HTTP response code: 400 for URL: http://rest.bioontology.org/bioportal/concepts/null/4932/?apikey=fd88ee35-6995-475d-b15a-85f1b9dd7a42
2013-07-14 10:14:06,551 [INFO ] org.isatools.isacreator.ontologymanager.BioPortalClient  - Getting term information for 4932 -> http://rest.bioontology.org/bioportal/concepts/null/4932/?apikey=fd88ee35-6995-475d-b15a-85f1b9dd7a42
2013-07-14 10:14:06,945 [ERROR] uk.ac.ebi.utils.io.DownloadUtils  - io exception caughtServer returned HTTP response code: 400 for URL: http://rest.bioontology.org/bioportal/concepts/null/4932/?apikey=fd88ee35-6995-475d-b15a-85f1b9dd7a42
2013-07-14 10:14:06,947 [INFO ] org.isatools.isacreator.ontologymanager.BioPortalClient  - Getting term information for 4932 -> http://rest.bioontology.org/bioportal/concepts/null/4932/?apikey=fd88ee35-6995-475d-b15a-85f1b9dd7a42
2013-07-14 10:14:07,317 [ERROR] uk.ac.ebi.utils.io.DownloadUtils  - io exception caughtServer returned HTTP response code: 400 for URL: http://rest.bioontology.org/bioportal/concepts/null/4932/?apikey=fd88ee35-6995-475d-b15a-85f1b9dd7a42
2013-07-14 10:14:07,319 [INFO ] org.isatools.isacreator.ontologymanager.BioPortalClient  - Getting term information for 4932 -> http://rest.bioontology.org/bioportal/concepts/null/4932/?apikey=fd88ee35-6995-475d-b15a-85f1b9dd7a42
2013-07-14 10:14:07,689 [ERROR] uk.ac.ebi.utils.io.DownloadUtils  - io exception caughtServer returned HTTP response code: 400 for URL: http://rest.bioontology.org/bioportal/concepts/null/4932/?apikey=fd88ee35-6995-475d-b15a-85f1b9dd7a42
2013-07-14 10:14:07,691 [INFO ] org.isatools.isacreator.ontologymanager.BioPortalClient  - Getting term information for 4932 -> http://rest.bioontology.org/bioportal/concepts/null/4932/?apikey=fd88ee35-6995-475d-b15a-85f1b9dd7a42
2013-07-14 10:14:08,085 [ERROR] uk.ac.ebi.utils.io.DownloadUtils  - io exception caughtServer returned HTTP response code: 400 for URL: http://rest.bioontology.org/bioportal/concepts/null/4932/?apikey=fd88ee35-6995-475d-b15a-85f1b9dd7a42
2013-07-14 10:14:08,087 [INFO ] org.isatools.isacreator.ontologymanager.BioPortalClient  - Getting term information for 4932 -> http://rest.bioontology.org/bioportal/concepts/null/4932/?apikey=fd88ee35-6995-475d-b15a-85f1b9dd7a42
2013-07-14 10:14:08,457 [ERROR] uk.ac.ebi.utils.io.DownloadUtils  - io exception caughtServer returned HTTP response code: 400 for URL: http://rest.bioontology.org/bioportal/concepts/null/4932/?apikey=fd88ee35-6995-475d-b15a-85f1b9dd7a42
2013-07-14 10:14:08,460 [INFO ] org.isatools.isacreator.ontologymanager.BioPortalClient  - Getting term information for 4932 -> http://rest.bioontology.org/bioportal/concepts/null/4932/?apikey=fd88ee35-6995-475d-b15a-85f1b9dd7a42
2013-07-14 10:14:08,833 [ERROR] uk.ac.ebi.utils.io.DownloadUtils  - io exception caughtServer returned HTTP response code: 400 for URL: http://rest.bioontology.org/bioportal/concepts/null/4932/?apikey=fd88ee35-6995-475d-b15a-85f1b9dd7a42
2013-07-14 10:14:08,835 [INFO ] org.isatools.isacreator.ontologymanager.BioPortalClient  - Getting term information for 4932 -> http://rest.bioontology.org/bioportal/concepts/null/4932/?apikey=fd88ee35-6995-475d-b15a-85f1b9dd7a42
2013-07-14 10:14:09,205 [ERROR] uk.ac.ebi.utils.io.DownloadUtils  - io exception caughtServer returned HTTP response code: 400 for URL: http://rest.bioontology.org/bioportal/concepts/null/4932/?apikey=fd88ee35-6995-475d-b15a-85f1b9dd7a42
2013-07-14 10:14:09,207 [INFO ] org.isatools.isacreator.ontologymanager.BioPortalClient  - Getting term information for 4932 -> http://rest.bioontology.org/bioportal/concepts/null/4932/?apikey=fd88ee35-6995-475d-b15a-85f1b9dd7a42
2013-07-14 10:14:09,601 [ERROR] uk.ac.ebi.utils.io.DownloadUtils  - io exception caughtServer returned HTTP response code: 400 for URL: http://rest.bioontology.org/bioportal/concepts/null/4932/?apikey=fd88ee35-6995-475d-b15a-85f1b9dd7a42
2013-07-14 10:14:09,603 [INFO ] org.isatools.isacreator.ontologymanager.BioPortalClient  - Getting term information for 4932 -> http://rest.bioontology.org/bioportal/concepts/null/4932/?apikey=fd88ee35-6995-475d-b15a-85f1b9dd7a42
2013-07-14 10:14:09,972 [ERROR] uk.ac.ebi.utils.io.DownloadUtils  - io exception caughtServer returned HTTP response code: 400 for URL: http://rest.bioontology.org/bioportal/concepts/null/4932/?apikey=fd88ee35-6995-475d-b15a-85f1b9dd7a42
2013-07-14 10:14:09,974 [INFO ] org.isatools.isacreator.ontologymanager.BioPortalClient  - Getting term information for 4932 -> http://rest.bioontology.org/bioportal/concepts/null/4932/?apikey=fd88ee35-6995-475d-b15a-85f1b9dd7a42
2013-07-14 10:14:10,344 [ERROR] uk.ac.ebi.utils.io.DownloadUtils  - io exception caughtServer returned HTTP response code: 400 for URL: http://rest.bioontology.org/bioportal/concepts/null/4932/?apikey=fd88ee35-6995-475d-b15a-85f1b9dd7a42
2013-07-14 10:14:10,346 [INFO ] org.isatools.isacreator.ontologymanager.BioPortalClient  - Getting term information for 4932 -> http://rest.bioontology.org/bioportal/concepts/null/4932/?apikey=fd88ee35-6995-475d-b15a-85f1b9dd7a42
2013-07-14 10:14:10,740 [ERROR] uk.ac.ebi.utils.io.DownloadUtils  - io exception caughtServer returned HTTP response code: 400 for URL: http://rest.bioontology.org/bioportal/concepts/null/4932/?apikey=fd88ee35-6995-475d-b15a-85f1b9dd7a42
2013-07-14 10:14:10,742 [INFO ] org.isatools.isacreator.ontologymanager.BioPortalClient  - Getting term information for 4932 -> http://rest.bioontology.org/bioportal/concepts/null/4932/?apikey=fd88ee35-6995-475d-b15a-85f1b9dd7a42
2013-07-14 10:14:11,112 [ERROR] uk.ac.ebi.utils.io.DownloadUtils  - io exception caughtServer returned HTTP response code: 400 for URL: http://rest.bioontology.org/bioportal/concepts/null/4932/?apikey=fd88ee35-6995-475d-b15a-85f1b9dd7a42
2013-07-14 10:14:11,114 [INFO ] org.isatools.isacreator.ontologymanager.BioPortalClient  - Getting term information for 4932 -> http://rest.bioontology.org/bioportal/concepts/null/4932/?apikey=fd88ee35-6995-475d-b15a-85f1b9dd7a42
2013-07-14 10:14:11,508 [ERROR] uk.ac.ebi.utils.io.DownloadUtils  - io exception caughtServer returned HTTP response code: 400 for URL: http://rest.bioontology.org/bioportal/concepts/null/4932/?apikey=fd88ee35-6995-475d-b15a-85f1b9dd7a42
2013-07-14 10:14:11,510 [INFO ] org.isatools.isacreator.ontologymanager.BioPortalClient  - Getting term information for 4932 -> http://rest.bioontology.org/bioportal/concepts/null/4932/?apikey=fd88ee35-6995-475d-b15a-85f1b9dd7a42
2013-07-14 10:14:11,879 [ERROR] uk.ac.ebi.utils.io.DownloadUtils  - io exception caughtServer returned HTTP response code: 400 for URL: http://rest.bioontology.org/bioportal/concepts/null/4932/?apikey=fd88ee35-6995-475d-b15a-85f1b9dd7a42
2013-07-14 10:14:11,881 [INFO ] org.isatools.isacreator.ontologymanager.BioPortalClient  - Getting term information for 4932 -> http://rest.bioontology.org/bioportal/concepts/null/4932/?apikey=fd88ee35-6995-475d-b15a-85f1b9dd7a42
2013-07-14 10:14:12,276 [ERROR] uk.ac.ebi.utils.io.DownloadUtils  - io exception caughtServer returned HTTP response code: 400 for URL: http://rest.bioontology.org/bioportal/concepts/null/4932/?apikey=fd88ee35-6995-475d-b15a-85f1b9dd7a42
2013-07-14 10:14:12,278 [INFO ] org.isatools.isacreator.ontologymanager.BioPortalClient  - Getting term information for 4932 -> http://rest.bioontology.org/bioportal/concepts/null/4932/?apikey=fd88ee35-6995-475d-b15a-85f1b9dd7a42
2013-07-14 10:14:12,647 [ERROR] uk.ac.ebi.utils.io.DownloadUtils  - io exception caughtServer returned HTTP response code: 400 for URL: http://rest.bioontology.org/bioportal/concepts/null/4932/?apikey=fd88ee35-6995-475d-b15a-85f1b9dd7a42
2013-07-14 10:14:12,648 [INFO ] org.isatools.isacreator.ontologymanager.BioPortalClient  - Getting term information for 4932 -> http://rest.bioontology.org/bioportal/concepts/null/4932/?apikey=fd88ee35-6995-475d-b15a-85f1b9dd7a42
2013-07-14 10:14:13,042 [ERROR] uk.ac.ebi.utils.io.DownloadUtils  - io exception caughtServer returned HTTP response code: 400 for URL: http://rest.bioontology.org/bioportal/concepts/null/4932/?apikey=fd88ee35-6995-475d-b15a-85f1b9dd7a42
2013-07-14 10:14:13,044 [INFO ] org.isatools.isacreator.ontologymanager.BioPortalClient  - Getting term information for 4932 -> http://rest.bioontology.org/bioportal/concepts/null/4932/?apikey=fd88ee35-6995-475d-b15a-85f1b9dd7a42
2013-07-14 10:14:13,416 [ERROR] uk.ac.ebi.utils.io.DownloadUtils  - io exception caughtServer returned HTTP response code: 400 for URL: http://rest.bioontology.org/bioportal/concepts/null/4932/?apikey=fd88ee35-6995-475d-b15a-85f1b9dd7a42
2013-07-14 10:14:13,418 [INFO ] org.isatools.isacreator.ontologymanager.BioPortalClient  - Getting term information for 4932 -> http://rest.bioontology.org/bioportal/concepts/null/4932/?apikey=fd88ee35-6995-475d-b15a-85f1b9dd7a42
2013-07-14 10:14:13,788 [ERROR] uk.ac.ebi.utils.io.DownloadUtils  - io exception caughtServer returned HTTP response code: 400 for URL: http://rest.bioontology.org/bioportal/concepts/null/4932/?apikey=fd88ee35-6995-475d-b15a-85f1b9dd7a42
2013-07-14 10:14:13,790 [INFO ] org.isatools.isacreator.ontologymanager.BioPortalClient  - Getting term information for 4932 -> http://rest.bioontology.org/bioportal/concepts/null/4932/?apikey=fd88ee35-6995-475d-b15a-85f1b9dd7a42
2013-07-14 10:14:14,185 [ERROR] uk.ac.ebi.utils.io.DownloadUtils  - io exception caughtServer returned HTTP response code: 400 for URL: http://rest.bioontology.org/bioportal/concepts/null/4932/?apikey=fd88ee35-6995-475d-b15a-85f1b9dd7a42
2013-07-14 10:14:14,187 [INFO ] org.isatools.isacreator.ontologymanager.BioPortalClient  - Getting term information for 4932 -> http://rest.bioontology.org/bioportal/concepts/null/4932/?apikey=fd88ee35-6995-475d-b15a-85f1b9dd7a42
2013-07-14 10:14:14,556 [ERROR] uk.ac.ebi.utils.io.DownloadUtils  - io exception caughtServer returned HTTP response code: 400 for URL: http://rest.bioontology.org/bioportal/concepts/null/4932/?apikey=fd88ee35-6995-475d-b15a-85f1b9dd7a42
2013-07-14 10:14:14,557 [INFO ] org.isatools.isacreator.ontologymanager.BioPortalClient  - Getting term information for 4932 -> http://rest.bioontology.org/bioportal/concepts/null/4932/?apikey=fd88ee35-6995-475d-b15a-85f1b9dd7a42
2013-07-14 10:14:16,114 [ERROR] uk.ac.ebi.utils.io.DownloadUtils  - io exception caughtConnection refused: connect
2013-07-14 10:14:16,117 [INFO ] org.isatools.isacreator.ontologymanager.BioPortalClient  - Getting term information for 4932 -> http://rest.bioontology.org/bioportal/concepts/null/4932/?apikey=fd88ee35-6995-475d-b15a-85f1b9dd7a42
2013-07-14 10:14:17,673 [ERROR] uk.ac.ebi.utils.io.DownloadUtils  - io exception caughtConnection refused: connect
2013-07-14 10:14:17,675 [INFO ] org.isatools.isacreator.ontologymanager.BioPortalClient  - Getting term information for 4932 -> http://rest.bioontology.org/bioportal/concepts/null/4932/?apikey=fd88ee35-6995-475d-b15a-85f1b9dd7a42
2013-07-14 10:14:19,270 [ERROR] uk.ac.ebi.utils.io.DownloadUtils  - io exception caughtConnection refused: connect
2013-07-14 10:14:19,272 [INFO ] org.isatools.isacreator.ontologymanager.BioPortalClient  - Getting term information for 4932 -> http://rest.bioontology.org/bioportal/concepts/null/4932/?apikey=fd88ee35-6995-475d-b15a-85f1b9dd7a42
2013-07-14 10:14:20,822 [ERROR] uk.ac.ebi.utils.io.DownloadUtils  - io exception caughtConnection refused: connect
2013-07-14 10:14:20,825 [INFO ] org.isatools.isacreator.ontologymanager.BioPortalClient  - Getting term information for 4932 -> http://rest.bioontology.org/bioportal/concepts/null/4932/?apikey=fd88ee35-6995-475d-b15a-85f1b9dd7a42
2013-07-14 10:14:22,372 [ERROR] uk.ac.ebi.utils.io.DownloadUtils  - io exception caughtConnection refused: connect
2013-07-14 10:14:22,375 [INFO ] org.isatools.isacreator.ontologymanager.BioPortalClient  - Getting term information for 4932 -> http://rest.bioontology.org/bioportal/concepts/null/4932/?apikey=fd88ee35-6995-475d-b15a-85f1b9dd7a42
2013-07-14 10:14:23,924 [ERROR] uk.ac.ebi.utils.io.DownloadUtils  - io exception caughtConnection refused: connect
2013-07-14 10:14:23,926 [INFO ] org.isatools.isacreator.ontologymanager.BioPortalClient  - Getting term information for 4932 -> http://rest.bioontology.org/bioportal/concepts/null/4932/?apikey=fd88ee35-6995-475d-b15a-85f1b9dd7a42
2013-07-14 10:14:25,524 [ERROR] uk.ac.ebi.utils.io.DownloadUtils  - io exception caughtConnection refused: connect
2013-07-14 10:14:25,526 [INFO ] org.isatools.isacreator.ontologymanager.BioPortalClient  - Getting term information for 4932 -> http://rest.bioontology.org/bioportal/concepts/null/4932/?apikey=fd88ee35-6995-475d-b15a-85f1b9dd7a42
2013-07-14 10:14:27,124 [ERROR] uk.ac.ebi.utils.io.DownloadUtils  - io exception caughtConnection refused: connect
2013-07-14 10:14:27,126 [INFO ] org.isatools.isacreator.ontologymanager.BioPortalClient  - Getting term information for 4932 -> http://rest.bioontology.org/bioportal/concepts/null/4932/?apikey=fd88ee35-6995-475d-b15a-85f1b9dd7a42
2013-07-14 10:14:28,725 [ERROR] uk.ac.ebi.utils.io.DownloadUtils  - io exception caughtConnection refused: connect
2013-07-14 10:14:28,728 [INFO ] org.isatools.isacreator.ontologymanager.BioPortalClient  - Getting term information for 4932 -> http://rest.bioontology.org/bioportal/concepts/null/4932/?apikey=fd88ee35-6995-475d-b15a-85f1b9dd7a42
2013-07-14 10:14:30,279 [ERROR] uk.ac.ebi.utils.io.DownloadUtils  - io exception caughtConnection refused: connect
2013-07-14 10:14:30,281 [INFO ] org.isatools.isacreator.ontologymanager.BioPortalClient  - Getting term information for 4932 -> http://rest.bioontology.org/bioportal/concepts/null/4932/?apikey=fd88ee35-6995-475d-b15a-85f1b9dd7a42
2013-07-14 10:14:31,877 [ERROR] uk.ac.ebi.utils.io.DownloadUtils  - io exception caughtConnection refused: connect
2013-07-14 10:14:31,879 [INFO ] org.isatools.isacreator.ontologymanager.BioPortalClient  - Getting term information for 4932 -> http://rest.bioontology.org/bioportal/concepts/null/4932/?apikey=fd88ee35-6995-475d-b15a-85f1b9dd7a42
2013-07-14 10:14:33,468 [ERROR] uk.ac.ebi.utils.io.DownloadUtils  - io exception caughtConnection refused: connect
2013-07-14 10:14:33,470 [INFO ] org.isatools.isacreator.ontologymanager.BioPortalClient  - Getting term information for 4932 -> http://rest.bioontology.org/bioportal/concepts/null/4932/?apikey=fd88ee35-6995-475d-b15a-85f1b9dd7a42
2013-07-14 10:14:35,016 [ERROR] uk.ac.ebi.utils.io.DownloadUtils  - io exception caughtConnection refused: connect
2013-07-14 10:14:35,018 [INFO ] org.isatools.isacreator.ontologymanager.BioPortalClient  - Getting term information for 4932 -> http://rest.bioontology.org/bioportal/concepts/null/4932/?apikey=fd88ee35-6995-475d-b15a-85f1b9dd7a42
2013-07-14 10:14:36,597 [ERROR] uk.ac.ebi.utils.io.DownloadUtils  - io exception caughtConnection refused: connect
2013-07-14 10:14:36,599 [INFO ] org.isatools.isacreator.ontologymanager.BioPortalClient  - Getting term information for 4932 -> http://rest.bioontology.org/bioportal/concepts/null/4932/?apikey=fd88ee35-6995-475d-b15a-85f1b9dd7a42
2013-07-14 10:14:38,154 [ERROR] uk.ac.ebi.utils.io.DownloadUtils  - io exception caughtConnection refused: connect
2013-07-14 10:14:38,157 [INFO ] org.isatools.isacreator.ontologymanager.BioPortalClient  - Getting term information for 4932 -> http://rest.bioontology.org/bioportal/concepts/null/4932/?apikey=fd88ee35-6995-475d-b15a-85f1b9dd7a42
2013-07-14 10:14:39,752 [ERROR] uk.ac.ebi.utils.io.DownloadUtils  - io exception caughtConnection refused: connect
2013-07-14 10:14:39,754 [INFO ] org.isatools.isacreator.ontologymanager.BioPortalClient  - Getting term information for 4932 -> http://rest.bioontology.org/bioportal/concepts/null/4932/?apikey=fd88ee35-6995-475d-b15a-85f1b9dd7a42
2013-07-14 10:14:41,303 [ERROR] uk.ac.ebi.utils.io.DownloadUtils  - io exception caughtConnection refused: connect
2013-07-14 10:14:41,305 [INFO ] org.isatools.isacreator.ontologymanager.BioPortalClient  - Getting term information for 4932 -> http://rest.bioontology.org/bioportal/concepts/null/4932/?apikey=fd88ee35-6995-475d-b15a-85f1b9dd7a42
2013-07-14 10:14:42,865 [ERROR] uk.ac.ebi.utils.io.DownloadUtils  - io exception caughtConnection refused: connect
2013-07-14 10:14:42,867 [INFO ] org.isatools.isacreator.ontologymanager.BioPortalClient  - Getting term information for 4932 -> http://rest.bioontology.org/bioportal/concepts/null/4932/?apikey=fd88ee35-6995-475d-b15a-85f1b9dd7a42
2013-07-14 10:14:44,429 [ERROR] uk.ac.ebi.utils.io.DownloadUtils  - io exception caughtConnection refused: connect
2013-07-14 10:14:44,431 [INFO ] org.isatools.isacreator.ontologymanager.BioPortalClient  - Getting term information for 4932 -> http://rest.bioontology.org/bioportal/concepts/null/4932/?apikey=fd88ee35-6995-475d-b15a-85f1b9dd7a42
2013-07-14 10:14:45,986 [ERROR] uk.ac.ebi.utils.io.DownloadUtils  - io exception caughtConnection refused: connect
2013-07-14 10:14:45,988 [INFO ] org.isatools.isacreator.ontologymanager.BioPortalClient  - Getting term information for 4932 -> http://rest.bioontology.org/bioportal/concepts/null/4932/?apikey=fd88ee35-6995-475d-b15a-85f1b9dd7a42
2013-07-14 10:14:47,543 [ERROR] uk.ac.ebi.utils.io.DownloadUtils  - io exception caughtConnection refused: connect
2013-07-14 10:14:47,545 [INFO ] org.isatools.isacreator.ontologymanager.BioPortalClient  - Getting term information for 4932 -> http://rest.bioontology.org/bioportal/concepts/null/4932/?apikey=fd88ee35-6995-475d-b15a-85f1b9dd7a42
2013-07-14 10:14:49,140 [ERROR] uk.ac.ebi.utils.io.DownloadUtils  - io exception caughtConnection refused: connect
2013-07-14 10:14:49,142 [INFO ] org.isatools.isacreator.ontologymanager.BioPortalClient  - Getting term information for 4932 -> http://rest.bioontology.org/bioportal/concepts/null/4932/?apikey=fd88ee35-6995-475d-b15a-85f1b9dd7a42
2013-07-14 10:14:50,237 [ERROR] uk.ac.ebi.utils.io.DownloadUtils  - io exception caughtServer returned HTTP response code: 400 for URL: http://rest.bioontology.org/bioportal/concepts/null/4932/?apikey=fd88ee35-6995-475d-b15a-85f1b9dd7a42
2013-07-14 10:14:50,240 [INFO ] org.isatools.isacreator.ontologymanager.BioPortalClient  - Getting term information for 4932 -> http://rest.bioontology.org/bioportal/concepts/null/4932/?apikey=fd88ee35-6995-475d-b15a-85f1b9dd7a42
2013-07-14 10:14:50,611 [ERROR] uk.ac.ebi.utils.io.DownloadUtils  - io exception caughtServer returned HTTP response code: 400 for URL: http://rest.bioontology.org/bioportal/concepts/null/4932/?apikey=fd88ee35-6995-475d-b15a-85f1b9dd7a42
2013-07-14 10:14:50,613 [INFO ] org.isatools.isacreator.ontologymanager.BioPortalClient  - Getting term information for 4932 -> http://rest.bioontology.org/bioportal/concepts/null/4932/?apikey=fd88ee35-6995-475d-b15a-85f1b9dd7a42
2013-07-14 10:14:50,984 [ERROR] uk.ac.ebi.utils.io.DownloadUtils  - io exception caughtServer returned HTTP response code: 400 for URL: http://rest.bioontology.org/bioportal/concepts/null/4932/?apikey=fd88ee35-6995-475d-b15a-85f1b9dd7a42
2013-07-14 10:14:50,985 [INFO ] org.isatools.isacreator.ontologymanager.BioPortalClient  - Getting term information for 4932 -> http://rest.bioontology.org/bioportal/concepts/null/4932/?apikey=fd88ee35-6995-475d-b15a-85f1b9dd7a42
2013-07-14 10:14:51,357 [ERROR] uk.ac.ebi.utils.io.DownloadUtils  - io exception caughtServer returned HTTP response code: 400 for URL: http://rest.bioontology.org/bioportal/concepts/null/4932/?apikey=fd88ee35-6995-475d-b15a-85f1b9dd7a42
2013-07-14 10:14:51,359 [INFO ] org.isatools.isacreator.ontologymanager.BioPortalClient  - Getting term information for 4932 -> http://rest.bioontology.org/bioportal/concepts/null/4932/?apikey=fd88ee35-6995-475d-b15a-85f1b9dd7a42
2013-07-14 10:14:51,731 [ERROR] uk.ac.ebi.utils.io.DownloadUtils  - io exception caughtServer returned HTTP response code: 400 for URL: http://rest.bioontology.org/bioportal/concepts/null/4932/?apikey=fd88ee35-6995-475d-b15a-85f1b9dd7a42
2013-07-14 10:14:51,733 [INFO ] org.isatools.isacreator.ontologymanager.BioPortalClient  - Getting term information for 4932 -> http://rest.bioontology.org/bioportal/concepts/null/4932/?apikey=fd88ee35-6995-475d-b15a-85f1b9dd7a42
2013-07-14 10:14:52,102 [ERROR] uk.ac.ebi.utils.io.DownloadUtils  - io exception caughtServer returned HTTP response code: 400 for URL: http://rest.bioontology.org/bioportal/concepts/null/4932/?apikey=fd88ee35-6995-475d-b15a-85f1b9dd7a42
2013-07-14 10:14:52,104 [INFO ] org.isatools.isacreator.ontologymanager.BioPortalClient  - Getting term information for 4932 -> http://rest.bioontology.org/bioportal/concepts/null/4932/?apikey=fd88ee35-6995-475d-b15a-85f1b9dd7a42
2013-07-14 10:14:52,476 [ERROR] uk.ac.ebi.utils.io.DownloadUtils  - io exception caughtServer returned HTTP response code: 400 for URL: http://rest.bioontology.org/bioportal/concepts/null/4932/?apikey=fd88ee35-6995-475d-b15a-85f1b9dd7a42
2013-07-14 10:14:52,478 [INFO ] org.isatools.isacreator.ontologymanager.BioPortalClient  - Getting term information for 4932 -> http://rest.bioontology.org/bioportal/concepts/null/4932/?apikey=fd88ee35-6995-475d-b15a-85f1b9dd7a42
2013-07-14 10:14:52,848 [ERROR] uk.ac.ebi.utils.io.DownloadUtils  - io exception caughtServer returned HTTP response code: 400 for URL: http://rest.bioontology.org/bioportal/concepts/null/4932/?apikey=fd88ee35-6995-475d-b15a-85f1b9dd7a42
2013-07-14 10:14:52,849 [INFO ] org.isatools.isacreator.ontologymanager.BioPortalClient  - Getting term information for 4932 -> http://rest.bioontology.org/bioportal/concepts/null/4932/?apikey=fd88ee35-6995-475d-b15a-85f1b9dd7a42
2013-07-14 10:14:53,220 [ERROR] uk.ac.ebi.utils.io.DownloadUtils  - io exception caughtServer returned HTTP response code: 400 for URL: http://rest.bioontology.org/bioportal/concepts/null/4932/?apikey=fd88ee35-6995-475d-b15a-85f1b9dd7a42
2013-07-14 10:14:53,221 [INFO ] org.isatools.isacreator.ontologymanager.BioPortalClient  - Getting term information for 4932 -> http://rest.bioontology.org/bioportal/concepts/null/4932/?apikey=fd88ee35-6995-475d-b15a-85f1b9dd7a42
2013-07-14 10:14:53,616 [ERROR] uk.ac.ebi.utils.io.DownloadUtils  - io exception caughtServer returned HTTP response code: 400 for URL: http://rest.bioontology.org/bioportal/concepts/null/4932/?apikey=fd88ee35-6995-475d-b15a-85f1b9dd7a42
2013-07-14 10:14:53,618 [INFO ] org.isatools.isacreator.ontologymanager.BioPortalClient  - Getting term information for 4932 -> http://rest.bioontology.org/bioportal/concepts/null/4932/?apikey=fd88ee35-6995-475d-b15a-85f1b9dd7a42
2013-07-14 10:14:54,014 [ERROR] uk.ac.ebi.utils.io.DownloadUtils  - io exception caughtServer returned HTTP response code: 400 for URL: http://rest.bioontology.org/bioportal/concepts/null/4932/?apikey=fd88ee35-6995-475d-b15a-85f1b9dd7a42
2013-07-14 10:14:54,016 [INFO ] org.isatools.isacreator.ontologymanager.BioPortalClient  - Getting term information for 4932 -> http://rest.bioontology.org/bioportal/concepts/null/4932/?apikey=fd88ee35-6995-475d-b15a-85f1b9dd7a42
2013-07-14 10:14:54,388 [ERROR] uk.ac.ebi.utils.io.DownloadUtils  - io exception caughtServer returned HTTP response code: 400 for URL: http://rest.bioontology.org/bioportal/concepts/null/4932/?apikey=fd88ee35-6995-475d-b15a-85f1b9dd7a42
2013-07-14 10:14:54,389 [INFO ] org.isatools.isacreator.ontologymanager.BioPortalClient  - Getting term information for 4932 -> http://rest.bioontology.org/bioportal/concepts/null/4932/?apikey=fd88ee35-6995-475d-b15a-85f1b9dd7a42
2013-07-14 10:14:54,760 [ERROR] uk.ac.ebi.utils.io.DownloadUtils  - io exception caughtServer returned HTTP response code: 400 for URL: http://rest.bioontology.org/bioportal/concepts/null/4932/?apikey=fd88ee35-6995-475d-b15a-85f1b9dd7a42
2013-07-14 10:14:54,762 [INFO ] org.isatools.isacreator.ontologymanager.BioPortalClient  - Getting term information for 4932 -> http://rest.bioontology.org/bioportal/concepts/null/4932/?apikey=fd88ee35-6995-475d-b15a-85f1b9dd7a42
2013-07-14 10:14:55,131 [ERROR] uk.ac.ebi.utils.io.DownloadUtils  - io exception caughtServer returned HTTP response code: 400 for URL: http://rest.bioontology.org/bioportal/concepts/null/4932/?apikey=fd88ee35-6995-475d-b15a-85f1b9dd7a42
2013-07-14 10:14:55,132 [INFO ] org.isatools.isacreator.ontologymanager.BioPortalClient  - Getting term information for 4932 -> http://rest.bioontology.org/bioportal/concepts/null/4932/?apikey=fd88ee35-6995-475d-b15a-85f1b9dd7a42
2013-07-14 10:14:55,505 [ERROR] uk.ac.ebi.utils.io.DownloadUtils  - io exception caughtServer returned HTTP response code: 400 for URL: http://rest.bioontology.org/bioportal/concepts/null/4932/?apikey=fd88ee35-6995-475d-b15a-85f1b9dd7a42
2013-07-14 10:14:55,507 [INFO ] org.isatools.isacreator.ontologymanager.BioPortalClient  - Getting term information for 4932 -> http://rest.bioontology.org/bioportal/concepts/null/4932/?apikey=fd88ee35-6995-475d-b15a-85f1b9dd7a42
2013-07-14 10:14:56,601 [ERROR] uk.ac.ebi.utils.io.DownloadUtils  - io exception caughtServer returned HTTP response code: 400 for URL: http://rest.bioontology.org/bioportal/concepts/null/4932/?apikey=fd88ee35-6995-475d-b15a-85f1b9dd7a42
2013-07-14 10:14:59,802 [INFO ] org.isatools.isa2owl.converter.Assay2OWLConverter  - Assay2OWLConverter - constructor
2013-07-14 10:14:59,979 [INFO ] org.isatools.isa2owl.converter.Assay2OWLConverter  - Assay2OWLConverter - constructor
2013-07-14 10:15:00,051 [INFO ] org.isatools.isa2owl.converter.Assay2OWLConverter  - Assay2OWLConverter - constructor
2013-07-14 10:15:00,170 [INFO ] org.isatools.isa2owl.converter.ISAtab2OWLConverter  - ... end of conversion for Study BII-S-1.
2013-07-14 10:15:00,170 [INFO ] org.isatools.isa2owl.converter.ISAtab2OWLConverter  - Converting study BII-S-2...
2013-07-14 10:15:00,174 [INFO ] org.isatools.isa2owl.converter.Assay2OWLConverter  - Assay2OWLConverter - constructor
2013-07-14 10:15:00,175 [INFO ] org.isatools.isacreator.ontologymanager.BioPortalClient  - Getting term information for 4932 -> http://rest.bioontology.org/bioportal/concepts/null/4932/?apikey=fd88ee35-6995-475d-b15a-85f1b9dd7a42
2013-07-14 10:15:00,547 [ERROR] uk.ac.ebi.utils.io.DownloadUtils  - io exception caughtServer returned HTTP response code: 400 for URL: http://rest.bioontology.org/bioportal/concepts/null/4932/?apikey=fd88ee35-6995-475d-b15a-85f1b9dd7a42
2013-07-14 10:15:00,548 [INFO ] org.isatools.isacreator.ontologymanager.BioPortalClient  - Getting term information for 49794/efo:EFO_0001270 -> http://rest.bioontology.org/bioportal/concepts/50419/49794/efo:EFO_0001270/?apikey=fd88ee35-6995-475d-b15a-85f1b9dd7a42
2013-07-14 10:15:00,943 [ERROR] uk.ac.ebi.utils.io.DownloadUtils  - file not foundhttp://rest.bioontology.org/bioportal/concepts/50419/49794/efo:EFO_0001270/?apikey=fd88ee35-6995-475d-b15a-85f1b9dd7a42
2013-07-14 10:15:00,945 [INFO ] org.isatools.isacreator.ontologymanager.BioPortalClient  - Getting term information for 4932 -> http://rest.bioontology.org/bioportal/concepts/null/4932/?apikey=fd88ee35-6995-475d-b15a-85f1b9dd7a42
2013-07-14 10:15:01,340 [ERROR] uk.ac.ebi.utils.io.DownloadUtils  - io exception caughtServer returned HTTP response code: 400 for URL: http://rest.bioontology.org/bioportal/concepts/null/4932/?apikey=fd88ee35-6995-475d-b15a-85f1b9dd7a42
2013-07-14 10:15:01,341 [INFO ] org.isatools.isacreator.ontologymanager.BioPortalClient  - Getting term information for 49794/efo:EFO_0001270 -> http://rest.bioontology.org/bioportal/concepts/50419/49794/efo:EFO_0001270/?apikey=fd88ee35-6995-475d-b15a-85f1b9dd7a42
2013-07-14 10:15:01,710 [ERROR] uk.ac.ebi.utils.io.DownloadUtils  - file not foundhttp://rest.bioontology.org/bioportal/concepts/50419/49794/efo:EFO_0001270/?apikey=fd88ee35-6995-475d-b15a-85f1b9dd7a42
2013-07-14 10:15:01,712 [INFO ] org.isatools.isacreator.ontologymanager.BioPortalClient  - Getting term information for 4932 -> http://rest.bioontology.org/bioportal/concepts/null/4932/?apikey=fd88ee35-6995-475d-b15a-85f1b9dd7a42
2013-07-14 10:15:02,080 [ERROR] uk.ac.ebi.utils.io.DownloadUtils  - io exception caughtServer returned HTTP response code: 400 for URL: http://rest.bioontology.org/bioportal/concepts/null/4932/?apikey=fd88ee35-6995-475d-b15a-85f1b9dd7a42
2013-07-14 10:15:02,083 [INFO ] org.isatools.isacreator.ontologymanager.BioPortalClient  - Getting term information for 49794/efo:EFO_0001270 -> http://rest.bioontology.org/bioportal/concepts/50419/49794/efo:EFO_0001270/?apikey=fd88ee35-6995-475d-b15a-85f1b9dd7a42
2013-07-14 10:15:02,458 [ERROR] uk.ac.ebi.utils.io.DownloadUtils  - file not foundhttp://rest.bioontology.org/bioportal/concepts/50419/49794/efo:EFO_0001270/?apikey=fd88ee35-6995-475d-b15a-85f1b9dd7a42
2013-07-14 10:15:02,459 [INFO ] org.isatools.isacreator.ontologymanager.BioPortalClient  - Getting term information for 4932 -> http://rest.bioontology.org/bioportal/concepts/null/4932/?apikey=fd88ee35-6995-475d-b15a-85f1b9dd7a42
2013-07-14 10:15:02,852 [ERROR] uk.ac.ebi.utils.io.DownloadUtils  - io exception caughtServer returned HTTP response code: 400 for URL: http://rest.bioontology.org/bioportal/concepts/null/4932/?apikey=fd88ee35-6995-475d-b15a-85f1b9dd7a42
2013-07-14 10:15:02,853 [INFO ] org.isatools.isacreator.ontologymanager.BioPortalClient  - Getting term information for 49794/efo:EFO_0001270 -> http://rest.bioontology.org/bioportal/concepts/50419/49794/efo:EFO_0001270/?apikey=fd88ee35-6995-475d-b15a-85f1b9dd7a42
2013-07-14 10:15:03,224 [ERROR] uk.ac.ebi.utils.io.DownloadUtils  - file not foundhttp://rest.bioontology.org/bioportal/concepts/50419/49794/efo:EFO_0001270/?apikey=fd88ee35-6995-475d-b15a-85f1b9dd7a42
2013-07-14 10:15:03,226 [INFO ] org.isatools.isacreator.ontologymanager.BioPortalClient  - Getting term information for 4932 -> http://rest.bioontology.org/bioportal/concepts/null/4932/?apikey=fd88ee35-6995-475d-b15a-85f1b9dd7a42
2013-07-14 10:15:03,620 [ERROR] uk.ac.ebi.utils.io.DownloadUtils  - io exception caughtServer returned HTTP response code: 400 for URL: http://rest.bioontology.org/bioportal/concepts/null/4932/?apikey=fd88ee35-6995-475d-b15a-85f1b9dd7a42
2013-07-14 10:15:03,621 [INFO ] org.isatools.isacreator.ontologymanager.BioPortalClient  - Getting term information for 49794/efo:EFO_0001270 -> http://rest.bioontology.org/bioportal/concepts/50419/49794/efo:EFO_0001270/?apikey=fd88ee35-6995-475d-b15a-85f1b9dd7a42
2013-07-14 10:15:03,991 [ERROR] uk.ac.ebi.utils.io.DownloadUtils  - file not foundhttp://rest.bioontology.org/bioportal/concepts/50419/49794/efo:EFO_0001270/?apikey=fd88ee35-6995-475d-b15a-85f1b9dd7a42
2013-07-14 10:15:03,991 [INFO ] org.isatools.isacreator.ontologymanager.BioPortalClient  - Getting term information for 4932 -> http://rest.bioontology.org/bioportal/concepts/null/4932/?apikey=fd88ee35-6995-475d-b15a-85f1b9dd7a42
2013-07-14 10:15:04,363 [ERROR] uk.ac.ebi.utils.io.DownloadUtils  - io exception caughtServer returned HTTP response code: 400 for URL: http://rest.bioontology.org/bioportal/concepts/null/4932/?apikey=fd88ee35-6995-475d-b15a-85f1b9dd7a42
2013-07-14 10:15:04,365 [INFO ] org.isatools.isacreator.ontologymanager.BioPortalClient  - Getting term information for 49794/efo:EFO_0001270 -> http://rest.bioontology.org/bioportal/concepts/50419/49794/efo:EFO_0001270/?apikey=fd88ee35-6995-475d-b15a-85f1b9dd7a42
2013-07-14 10:15:04,733 [ERROR] uk.ac.ebi.utils.io.DownloadUtils  - file not foundhttp://rest.bioontology.org/bioportal/concepts/50419/49794/efo:EFO_0001270/?apikey=fd88ee35-6995-475d-b15a-85f1b9dd7a42
2013-07-14 10:15:04,734 [INFO ] org.isatools.isacreator.ontologymanager.BioPortalClient  - Getting term information for 4932 -> http://rest.bioontology.org/bioportal/concepts/null/4932/?apikey=fd88ee35-6995-475d-b15a-85f1b9dd7a42
2013-07-14 10:15:05,130 [ERROR] uk.ac.ebi.utils.io.DownloadUtils  - io exception caughtServer returned HTTP response code: 400 for URL: http://rest.bioontology.org/bioportal/concepts/null/4932/?apikey=fd88ee35-6995-475d-b15a-85f1b9dd7a42
2013-07-14 10:15:05,131 [INFO ] org.isatools.isacreator.ontologymanager.BioPortalClient  - Getting term information for 49794/efo:EFO_0001270 -> http://rest.bioontology.org/bioportal/concepts/50419/49794/efo:EFO_0001270/?apikey=fd88ee35-6995-475d-b15a-85f1b9dd7a42
2013-07-14 10:15:05,502 [ERROR] uk.ac.ebi.utils.io.DownloadUtils  - file not foundhttp://rest.bioontology.org/bioportal/concepts/50419/49794/efo:EFO_0001270/?apikey=fd88ee35-6995-475d-b15a-85f1b9dd7a42
2013-07-14 10:15:05,504 [INFO ] org.isatools.isacreator.ontologymanager.BioPortalClient  - Getting term information for 4932 -> http://rest.bioontology.org/bioportal/concepts/null/4932/?apikey=fd88ee35-6995-475d-b15a-85f1b9dd7a42
2013-07-14 10:15:05,898 [ERROR] uk.ac.ebi.utils.io.DownloadUtils  - io exception caughtServer returned HTTP response code: 400 for URL: http://rest.bioontology.org/bioportal/concepts/null/4932/?apikey=fd88ee35-6995-475d-b15a-85f1b9dd7a42
2013-07-14 10:15:05,899 [INFO ] org.isatools.isacreator.ontologymanager.BioPortalClient  - Getting term information for 49794/efo:EFO_0001270 -> http://rest.bioontology.org/bioportal/concepts/50419/49794/efo:EFO_0001270/?apikey=fd88ee35-6995-475d-b15a-85f1b9dd7a42
2013-07-14 10:15:06,268 [ERROR] uk.ac.ebi.utils.io.DownloadUtils  - file not foundhttp://rest.bioontology.org/bioportal/concepts/50419/49794/efo:EFO_0001270/?apikey=fd88ee35-6995-475d-b15a-85f1b9dd7a42
2013-07-14 10:15:06,270 [INFO ] org.isatools.isacreator.ontologymanager.BioPortalClient  - Getting term information for 4932 -> http://rest.bioontology.org/bioportal/concepts/null/4932/?apikey=fd88ee35-6995-475d-b15a-85f1b9dd7a42
2013-07-14 10:15:06,641 [ERROR] uk.ac.ebi.utils.io.DownloadUtils  - io exception caughtServer returned HTTP response code: 400 for URL: http://rest.bioontology.org/bioportal/concepts/null/4932/?apikey=fd88ee35-6995-475d-b15a-85f1b9dd7a42
2013-07-14 10:15:06,643 [INFO ] org.isatools.isacreator.ontologymanager.BioPortalClient  - Getting term information for 49794/efo:EFO_0001270 -> http://rest.bioontology.org/bioportal/concepts/50419/49794/efo:EFO_0001270/?apikey=fd88ee35-6995-475d-b15a-85f1b9dd7a42
2013-07-14 10:15:07,013 [ERROR] uk.ac.ebi.utils.io.DownloadUtils  - file not foundhttp://rest.bioontology.org/bioportal/concepts/50419/49794/efo:EFO_0001270/?apikey=fd88ee35-6995-475d-b15a-85f1b9dd7a42
2013-07-14 10:15:07,014 [INFO ] org.isatools.isacreator.ontologymanager.BioPortalClient  - Getting term information for 4932 -> http://rest.bioontology.org/bioportal/concepts/null/4932/?apikey=fd88ee35-6995-475d-b15a-85f1b9dd7a42
2013-07-14 10:15:07,384 [ERROR] uk.ac.ebi.utils.io.DownloadUtils  - io exception caughtServer returned HTTP response code: 400 for URL: http://rest.bioontology.org/bioportal/concepts/null/4932/?apikey=fd88ee35-6995-475d-b15a-85f1b9dd7a42
2013-07-14 10:15:07,385 [INFO ] org.isatools.isacreator.ontologymanager.BioPortalClient  - Getting term information for 49794/efo:EFO_0001270 -> http://rest.bioontology.org/bioportal/concepts/50419/49794/efo:EFO_0001270/?apikey=fd88ee35-6995-475d-b15a-85f1b9dd7a42
2013-07-14 10:15:07,756 [ERROR] uk.ac.ebi.utils.io.DownloadUtils  - file not foundhttp://rest.bioontology.org/bioportal/concepts/50419/49794/efo:EFO_0001270/?apikey=fd88ee35-6995-475d-b15a-85f1b9dd7a42
2013-07-14 10:15:07,758 [INFO ] org.isatools.isacreator.ontologymanager.BioPortalClient  - Getting term information for 4932 -> http://rest.bioontology.org/bioportal/concepts/null/4932/?apikey=fd88ee35-6995-475d-b15a-85f1b9dd7a42
2013-07-14 10:15:08,126 [ERROR] uk.ac.ebi.utils.io.DownloadUtils  - io exception caughtServer returned HTTP response code: 400 for URL: http://rest.bioontology.org/bioportal/concepts/null/4932/?apikey=fd88ee35-6995-475d-b15a-85f1b9dd7a42
2013-07-14 10:15:08,127 [INFO ] org.isatools.isacreator.ontologymanager.BioPortalClient  - Getting term information for 49794/efo:EFO_0001270 -> http://rest.bioontology.org/bioportal/concepts/50419/49794/efo:EFO_0001270/?apikey=fd88ee35-6995-475d-b15a-85f1b9dd7a42
2013-07-14 10:15:08,524 [ERROR] uk.ac.ebi.utils.io.DownloadUtils  - file not foundhttp://rest.bioontology.org/bioportal/concepts/50419/49794/efo:EFO_0001270/?apikey=fd88ee35-6995-475d-b15a-85f1b9dd7a42
2013-07-14 10:15:08,525 [INFO ] org.isatools.isacreator.ontologymanager.BioPortalClient  - Getting term information for 4932 -> http://rest.bioontology.org/bioportal/concepts/null/4932/?apikey=fd88ee35-6995-475d-b15a-85f1b9dd7a42
2013-07-14 10:15:08,920 [ERROR] uk.ac.ebi.utils.io.DownloadUtils  - io exception caughtServer returned HTTP response code: 400 for URL: http://rest.bioontology.org/bioportal/concepts/null/4932/?apikey=fd88ee35-6995-475d-b15a-85f1b9dd7a42
2013-07-14 10:15:08,922 [INFO ] org.isatools.isacreator.ontologymanager.BioPortalClient  - Getting term information for 49794/efo:EFO_0001270 -> http://rest.bioontology.org/bioportal/concepts/50419/49794/efo:EFO_0001270/?apikey=fd88ee35-6995-475d-b15a-85f1b9dd7a42
2013-07-14 10:15:09,292 [ERROR] uk.ac.ebi.utils.io.DownloadUtils  - file not foundhttp://rest.bioontology.org/bioportal/concepts/50419/49794/efo:EFO_0001270/?apikey=fd88ee35-6995-475d-b15a-85f1b9dd7a42
2013-07-14 10:15:09,293 [INFO ] org.isatools.isacreator.ontologymanager.BioPortalClient  - Getting term information for 4932 -> http://rest.bioontology.org/bioportal/concepts/null/4932/?apikey=fd88ee35-6995-475d-b15a-85f1b9dd7a42
2013-07-14 10:15:09,688 [ERROR] uk.ac.ebi.utils.io.DownloadUtils  - io exception caughtServer returned HTTP response code: 400 for URL: http://rest.bioontology.org/bioportal/concepts/null/4932/?apikey=fd88ee35-6995-475d-b15a-85f1b9dd7a42
2013-07-14 10:15:09,689 [INFO ] org.isatools.isacreator.ontologymanager.BioPortalClient  - Getting term information for 49794/efo:EFO_0001270 -> http://rest.bioontology.org/bioportal/concepts/50419/49794/efo:EFO_0001270/?apikey=fd88ee35-6995-475d-b15a-85f1b9dd7a42
2013-07-14 10:15:10,058 [ERROR] uk.ac.ebi.utils.io.DownloadUtils  - file not foundhttp://rest.bioontology.org/bioportal/concepts/50419/49794/efo:EFO_0001270/?apikey=fd88ee35-6995-475d-b15a-85f1b9dd7a42
2013-07-14 10:15:10,061 [INFO ] org.isatools.isacreator.ontologymanager.BioPortalClient  - Getting term information for 4932 -> http://rest.bioontology.org/bioportal/concepts/null/4932/?apikey=fd88ee35-6995-475d-b15a-85f1b9dd7a42
2013-07-14 10:15:10,456 [ERROR] uk.ac.ebi.utils.io.DownloadUtils  - io exception caughtServer returned HTTP response code: 400 for URL: http://rest.bioontology.org/bioportal/concepts/null/4932/?apikey=fd88ee35-6995-475d-b15a-85f1b9dd7a42
2013-07-14 10:15:10,457 [INFO ] org.isatools.isacreator.ontologymanager.BioPortalClient  - Getting term information for 49794/efo:EFO_0001270 -> http://rest.bioontology.org/bioportal/concepts/50419/49794/efo:EFO_0001270/?apikey=fd88ee35-6995-475d-b15a-85f1b9dd7a42
2013-07-14 10:15:10,853 [ERROR] uk.ac.ebi.utils.io.DownloadUtils  - file not foundhttp://rest.bioontology.org/bioportal/concepts/50419/49794/efo:EFO_0001270/?apikey=fd88ee35-6995-475d-b15a-85f1b9dd7a42
2013-07-14 10:15:11,458 [INFO ] org.isatools.isa2owl.converter.Assay2OWLConverter  - Assay2OWLConverter - constructor
2013-07-14 10:15:11,482 [INFO ] org.isatools.isa2owl.converter.ISAtab2OWLConverter  - ... end of conversion for Study BII-S-2.
